#
# There is insufficient memory for the Java Runtime Environment to continue.
# Native memory allocation (malloc) failed to allocate 1048576 bytes. Error detail: AllocateHeap
# Possible reasons:
#   The system is out of physical RAM or swap space
#   This process is running with CompressedOops enabled, and the Java Heap may be blocking the growth of the native heap
# Possible solutions:
#   Reduce memory load on the system
#   Increase physical memory or swap space
#   Check if swap backing store is full
#   Decrease Java heap size (-Xmx/-Xms)
#   Decrease number of Java threads
#   Decrease Java thread stack sizes (-Xss)
#   Set larger code cache with -XX:ReservedCodeCacheSize=
#   JVM is running with Unscaled Compressed Oops mode in which the Java heap is
#     placed in the first 4GB address space. The Java Heap base address is the
#     maximum limit for the native heap growth. Please use -XX:HeapBaseMinAddress
#     to set the Java Heap base and to place the Java Heap above 4GB virtual address.
# This output file may be truncated or incomplete.
#
#  Out of Memory Error (allocation.cpp:44), pid=7228, tid=21492
#
# JRE version: OpenJDK Runtime Environment Temurin-21.0.10+7 (21.0.10+7) (build 21.0.10+7-LTS)
# Java VM: OpenJDK 64-Bit Server VM Temurin-21.0.10+7 (21.0.10+7-LTS, mixed mode, sharing, tiered, compressed oops, compressed class ptrs, parallel gc, windows-amd64)
# No core dump will be written. Minidumps are not enabled by default on client versions of Windows
#

---------------  S U M M A R Y ------------

Command Line: --add-modules=ALL-SYSTEM --add-opens=java.base/java.util=ALL-UNNAMED --add-opens=java.base/java.lang=ALL-UNNAMED --add-opens=java.base/sun.nio.fs=ALL-UNNAMED -Declipse.application=org.eclipse.jdt.ls.core.id1 -Dosgi.bundles.defaultStartLevel=4 -Declipse.product=org.eclipse.jdt.ls.core.product -Djava.import.generatesMetadataFilesAtProjectRoot=false -DDetectVMInstallationsJob.disabled=true -Dfile.encoding=utf8 -XX:+UseParallelGC -XX:GCTimeRatio=4 -XX:AdaptiveSizePolicyWeight=90 -Dsun.zip.disableMemoryMapping=true -Xmx2G -Xms100m -Xlog:disable -javaagent:c:\Users\11699\.trae-cn\extensions\redhat.java-1.54.0-win32-x64\lombok\lombok-1.18.39-4050.jar -XX:+HeapDumpOnOutOfMemoryError -XX:HeapDumpPath=c:\Users\11699\AppData\Roaming\Trae CN\User\workspaceStorage\782b54f33078f850d659540a908622f6\redhat.java -Daether.dependencyCollector.impl=bf c:\Users\11699\.trae-cn\extensions\redhat.java-1.54.0-win32-x64\server\plugins\org.eclipse.equinox.launcher_1.7.100.v20251111-0406.jar -configuration c:\Users\11699\AppData\Roaming\Trae CN\User\globalStorage\redhat.java\1.54.0\config_win -data c:\Users\11699\AppData\Roaming\Trae CN\User\workspaceStorage\782b54f33078f850d659540a908622f6\redhat.java\jdt_ws --pipe=\\.\pipe\lsp-2125949516594b3d4000d83ceaefc3c5-sock

Host: 12th Gen Intel(R) Core(TM) i5-12500H, 16 cores, 15G,  Windows 11 , 64 bit Build 26100 (10.0.26100.8246)
Time: Wed May  6 15:24:19 2026 elapsed time: 10888.294518 seconds (0d 3h 1m 28s)

---------------  T H R E A D  ---------------

Current thread (0x000002fad52b5d30):  JavaThread "Attach Listener" daemon [_thread_in_vm, id=21492, stack(0x000000fc98600000,0x000000fc98700000) (1024K)]

Stack: [0x000000fc98600000,0x000000fc98700000]
Native frames: (J=compiled Java code, j=interpreted, Vv=VM code, C=native code)
V  [jvm.dll+0x6d7a39]
V  [jvm.dll+0x8b4b26]
V  [jvm.dll+0x8b70de]
V  [jvm.dll+0x8b77c3]
V  [jvm.dll+0x284346]
V  [jvm.dll+0xc1277]
V  [jvm.dll+0x6d82e9]
V  [jvm.dll+0x1334a6]
V  [jvm.dll+0x3f857e]
V  [jvm.dll+0x85f59d]
V  [jvm.dll+0x6d626d]
C  [ucrtbase.dll+0x37b0]
C  [KERNEL32.DLL+0x2e8d7]
C  [ntdll.dll+0x8c3fc]


---------------  P R O C E S S  ---------------

Threads class SMR info:
_java_thread_list=0x000002fadd21c4c0, length=43, elements={
0x000002fafc4927a0, 0x000002fafc439520, 0x000002fad52ab440, 0x000002fad52b2f60,
0x000002fad52b5d30, 0x000002fafc536760, 0x000002fafc53bd40, 0x000002fafc53fdf0,
0x000002fafc543070, 0x000002fad5499350, 0x000002fadb0b3ce0, 0x000002fadb42f3e0,
0x000002fad53c7780, 0x000002fadb6ba950, 0x000002fadb6bbc80, 0x000002fadbc8bbc0,
0x000002fadb12b370, 0x000002fadb128c10, 0x000002fadb12ba00, 0x000002fadb129930,
0x000002fade10f3c0, 0x000002fade10fa50, 0x000002fade10d2f0, 0x000002fade1100e0,
0x000002fade10ed30, 0x000002fade110770, 0x000002fade10e6a0, 0x000002fade10d980,
0x000002fade10e010, 0x000002fade113560, 0x000002fade110e00, 0x000002fade1121b0,
0x000002fade113bf0, 0x000002fade114280, 0x000002fade111490, 0x000002fade112840,
0x000002fade112ed0, 0x000002fade114910, 0x000002fadbffce70, 0x000002fadbff99f0,
0x000002fadbffa080, 0x000002fadb12a650, 0x000002faddd715b0
}

Java Threads: ( => current thread )
  0x000002fafc4927a0 JavaThread "main"                              [_thread_blocked, id=3516, stack(0x000000fc97f00000,0x000000fc98000000) (1024K)]
  0x000002fafc439520 JavaThread "Reference Handler"          daemon [_thread_blocked, id=2928, stack(0x000000fc98300000,0x000000fc98400000) (1024K)]
  0x000002fad52ab440 JavaThread "Finalizer"                  daemon [_thread_blocked, id=8136, stack(0x000000fc98400000,0x000000fc98500000) (1024K)]
  0x000002fad52b2f60 JavaThread "Signal Dispatcher"          daemon [_thread_blocked, id=1656, stack(0x000000fc98500000,0x000000fc98600000) (1024K)]
=>0x000002fad52b5d30 JavaThread "Attach Listener"            daemon [_thread_in_vm, id=21492, stack(0x000000fc98600000,0x000000fc98700000) (1024K)]
  0x000002fafc536760 JavaThread "Service Thread"             daemon [_thread_blocked, id=19264, stack(0x000000fc98700000,0x000000fc98800000) (1024K)]
  0x000002fafc53bd40 JavaThread "Monitor Deflation Thread"   daemon [_thread_blocked, id=16944, stack(0x000000fc98800000,0x000000fc98900000) (1024K)]
  0x000002fafc53fdf0 JavaThread "C2 CompilerThread0"         daemon [_thread_blocked, id=22072, stack(0x000000fc98900000,0x000000fc98a00000) (1024K)]
  0x000002fafc543070 JavaThread "C1 CompilerThread0"         daemon [_thread_blocked, id=4872, stack(0x000000fc98a00000,0x000000fc98b00000) (1024K)]
  0x000002fad5499350 JavaThread "Common-Cleaner"             daemon [_thread_blocked, id=23008, stack(0x000000fc98e00000,0x000000fc98f00000) (1024K)]
  0x000002fadb0b3ce0 JavaThread "Notification Thread"        daemon [_thread_blocked, id=11600, stack(0x000000fc99000000,0x000000fc99100000) (1024K)]
  0x000002fadb42f3e0 JavaThread "Active Thread: Equinox Container: b7d46309-162a-4314-9198-30f671e3a991"        [_thread_blocked, id=19644, stack(0x000000fc99900000,0x000000fc99a00000) (1024K)]
  0x000002fad53c7780 JavaThread "Refresh Thread: Equinox Container: b7d46309-162a-4314-9198-30f671e3a991" daemon [_thread_blocked, id=13608, stack(0x000000fc98b00000,0x000000fc98c00000) (1024K)]
  0x000002fadb6ba950 JavaThread "Framework Event Dispatcher: Equinox Container: b7d46309-162a-4314-9198-30f671e3a991" daemon [_thread_blocked, id=6380, stack(0x000000fc98c00000,0x000000fc98d00000) (1024K)]
  0x000002fadb6bbc80 JavaThread "Start Level: Equinox Container: b7d46309-162a-4314-9198-30f671e3a991" daemon [_thread_blocked, id=20952, stack(0x000000fc98d00000,0x000000fc98e00000) (1024K)]
  0x000002fadbc8bbc0 JavaThread "Bundle File Closer"         daemon [_thread_blocked, id=24968, stack(0x000000fc99c00000,0x000000fc99d00000) (1024K)]
  0x000002fadb12b370 JavaThread "SCR Component Actor"        daemon [_thread_blocked, id=25540, stack(0x000000fc99e00000,0x000000fc99f00000) (1024K)]
  0x000002fadb128c10 JavaThread "Worker-JM"                         [_thread_blocked, id=24752, stack(0x000000fc9a200000,0x000000fc9a300000) (1024K)]
  0x000002fadb12ba00 JavaThread "JNA Cleaner"                daemon [_thread_blocked, id=25248, stack(0x000000fc99f00000,0x000000fc9a000000) (1024K)]
  0x000002fadb129930 JavaThread "Java indexing"              daemon [_thread_blocked, id=25484, stack(0x000000fc9a800000,0x000000fc9a900000) (1024K)]
  0x000002fade10f3c0 JavaThread "Thread-1"                   daemon [_thread_in_native, id=8660, stack(0x000000fc9af00000,0x000000fc9b000000) (1024K)]
  0x000002fade10fa50 JavaThread "Thread-2"                   daemon [_thread_in_native, id=4148, stack(0x000000fc9b000000,0x000000fc9b100000) (1024K)]
  0x000002fade10d2f0 JavaThread "Thread-3"                   daemon [_thread_in_native, id=8248, stack(0x000000fc9b100000,0x000000fc9b200000) (1024K)]
  0x000002fade1100e0 JavaThread "Thread-4"                   daemon [_thread_in_native, id=24180, stack(0x000000fc9b200000,0x000000fc9b300000) (1024K)]
  0x000002fade10ed30 JavaThread "Thread-5"                   daemon [_thread_in_native, id=24796, stack(0x000000fc9b300000,0x000000fc9b400000) (1024K)]
  0x000002fade110770 JavaThread "Thread-6"                   daemon [_thread_in_native, id=15632, stack(0x000000fc9b400000,0x000000fc9b500000) (1024K)]
  0x000002fade10e6a0 JavaThread "Thread-7"                   daemon [_thread_in_native, id=11660, stack(0x000000fc9b500000,0x000000fc9b600000) (1024K)]
  0x000002fade10d980 JavaThread "Thread-8"                   daemon [_thread_in_native, id=24572, stack(0x000000fc9b600000,0x000000fc9b700000) (1024K)]
  0x000002fade10e010 JavaThread "Thread-9"                   daemon [_thread_in_native, id=10712, stack(0x000000fc9b700000,0x000000fc9b800000) (1024K)]
  0x000002fade113560 JavaThread "Thread-10"                  daemon [_thread_in_native, id=24844, stack(0x000000fc9b800000,0x000000fc9b900000) (1024K)]
  0x000002fade110e00 JavaThread "Thread-11"                  daemon [_thread_in_native, id=25072, stack(0x000000fc9b900000,0x000000fc9ba00000) (1024K)]
  0x000002fade1121b0 JavaThread "Thread-12"                  daemon [_thread_in_native, id=15476, stack(0x000000fc9ba00000,0x000000fc9bb00000) (1024K)]
  0x000002fade113bf0 JavaThread "Thread-13"                  daemon [_thread_in_native, id=25064, stack(0x000000fc9bb00000,0x000000fc9bc00000) (1024K)]
  0x000002fade114280 JavaThread "Thread-14"                  daemon [_thread_in_native, id=25040, stack(0x000000fc9bc00000,0x000000fc9bd00000) (1024K)]
  0x000002fade111490 JavaThread "Thread-15"                  daemon [_thread_in_native, id=22552, stack(0x000000fc9bd00000,0x000000fc9be00000) (1024K)]
  0x000002fade112840 JavaThread "Thread-16"                  daemon [_thread_in_native, id=25092, stack(0x000000fc9be00000,0x000000fc9bf00000) (1024K)]
  0x000002fade112ed0 JavaThread "Thread-17"                  daemon [_thread_in_native, id=10956, stack(0x000000fc9bf00000,0x000000fc9c000000) (1024K)]
  0x000002fade114910 JavaThread "pool-2-thread-1"                   [_thread_blocked, id=25156, stack(0x000000fc9c000000,0x000000fc9c100000) (1024K)]
  0x000002fadbffce70 JavaThread "WorkspaceEventsHandler"            [_thread_blocked, id=20840, stack(0x000000fc9d200000,0x000000fc9d300000) (1024K)]
  0x000002fadbff99f0 JavaThread "pool-1-thread-1"                   [_thread_blocked, id=13780, stack(0x000000fc9d300000,0x000000fc9d400000) (1024K)]
  0x000002fadbffa080 JavaThread "Worker-11"                         [_thread_blocked, id=2620, stack(0x000000fc9c400000,0x000000fc9c500000) (1024K)]
  0x000002fadb12a650 JavaThread "Worker-14"                         [_thread_blocked, id=26136, stack(0x000000fc9c700000,0x000000fc9c800000) (1024K)]
  0x000002faddd715b0 JavaThread "Cleaner-0"                  daemon [_thread_blocked, id=26764, stack(0x000000fc9d100000,0x000000fc9d200000) (1024K)]
Total: 43

Other Threads:
  0x000002fafc532a60 VMThread "VM Thread"                           [id=13144, stack(0x000000fc98200000,0x000000fc98300000) (1024K)]
  0x000002fafa233790 WatcherThread "VM Periodic Task Thread"        [id=12652, stack(0x000000fc98100000,0x000000fc98200000) (1024K)]
  0x000002fafc4b0e20 WorkerThread "GC Thread#0"                     [id=23844, stack(0x000000fc98000000,0x000000fc98100000) (1024K)]
  0x000002fadb63a440 WorkerThread "GC Thread#1"                     [id=13908, stack(0x000000fc99300000,0x000000fc99400000) (1024K)]
  0x000002fadb6292e0 WorkerThread "GC Thread#2"                     [id=16512, stack(0x000000fc99400000,0x000000fc99500000) (1024K)]
  0x000002fadb629690 WorkerThread "GC Thread#3"                     [id=5872, stack(0x000000fc99500000,0x000000fc99600000) (1024K)]
  0x000002fadb437810 WorkerThread "GC Thread#4"                     [id=15536, stack(0x000000fc99600000,0x000000fc99700000) (1024K)]
  0x000002fadb437bc0 WorkerThread "GC Thread#5"                     [id=2568, stack(0x000000fc99700000,0x000000fc99800000) (1024K)]
  0x000002fadb437f70 WorkerThread "GC Thread#6"                     [id=21060, stack(0x000000fc99800000,0x000000fc99900000) (1024K)]
  0x000002fadb695630 WorkerThread "GC Thread#7"                     [id=14604, stack(0x000000fc99100000,0x000000fc99200000) (1024K)]
  0x000002fadb81fad0 WorkerThread "GC Thread#8"                     [id=24944, stack(0x000000fc98f00000,0x000000fc99000000) (1024K)]
  0x000002fadbba7970 WorkerThread "GC Thread#9"                     [id=24948, stack(0x000000fc99200000,0x000000fc99300000) (1024K)]
  0x000002fadbd30660 WorkerThread "GC Thread#10"                    [id=24952, stack(0x000000fc99a00000,0x000000fc99b00000) (1024K)]
  0x000002fadbd30a10 WorkerThread "GC Thread#11"                    [id=25532, stack(0x000000fc99b00000,0x000000fc99c00000) (1024K)]
  0x000002fadbd302b0 WorkerThread "GC Thread#12"                    [id=24800, stack(0x000000fc9a300000,0x000000fc9a400000) (1024K)]
Total: 15

Threads with active compile tasks:
Total: 0

VM state: not at safepoint (normal execution)

VM Mutex/Monitor currently owned by a thread: None

Heap address: 0x0000000080000000, size: 2048 MB, Compressed Oops mode: 32-bit

CDS archive(s) mapped at: [0x000002fa93000000-0x000002fa93ba0000-0x000002fa93ba0000), size 12189696, SharedBaseAddress: 0x000002fa93000000, ArchiveRelocationMode: 1.
Compressed class space mapped at: 0x000002fa94000000-0x000002fad4000000, reserved size: 1073741824
Narrow klass base: 0x000002fa93000000, Narrow klass shift: 0, Narrow klass range: 0x100000000

GC Precious Log:
 CardTable entry size: 512
 CPUs: 16 total, 16 available
 Memory: 16068M
 Large Page Support: Disabled
 NUMA Support: Disabled
 Compressed Oops: Enabled (32-bit)
 Alignments: Space 512K, Generation 512K, Heap 2M
 Heap Min Capacity: 100M
 Heap Initial Capacity: 100M
 Heap Max Capacity: 2G
 Pre-touch: Disabled
 Parallel Workers: 13

Heap:
 PSYoungGen      total 8192K, used 2311K [0x00000000d5580000, 0x00000000d6180000, 0x0000000100000000)
  eden space 7680K, 24% used [0x00000000d5580000,0x00000000d574efd0,0x00000000d5d00000)
  from space 512K, 89% used [0x00000000d6100000,0x00000000d6172df0,0x00000000d6180000)
  to   space 512K, 0% used [0x00000000d6080000,0x00000000d6080000,0x00000000d6100000)
 ParOldGen       total 561664K, used 561272K [0x0000000080000000, 0x00000000a2480000, 0x00000000d5580000)
  object space 561664K, 99% used [0x0000000080000000,0x00000000a241e380,0x00000000a2480000)
 Metaspace       used 83982K, committed 85696K, reserved 1179648K
  class space    used 8509K, committed 9280K, reserved 1048576K

Card table byte_map: [0x000002fafbe30000,0x000002fafc240000] _byte_map_base: 0x000002fafba30000

Marking Bits: (ParMarkBitMap*) 0x00007fffc3223450
 Begin Bits: [0x000002fa8f000000, 0x000002fa91000000)
 End Bits:   [0x000002fa91000000, 0x000002fa93000000)

Polling page: 0x000002fafa320000

Metaspace:

Usage:
  Non-class:     73.70 MB used.
      Class:      8.31 MB used.
       Both:     82.01 MB used.

Virtual space:
  Non-class space:      128.00 MB reserved,      74.62 MB ( 58%) committed,  2 nodes.
      Class space:        1.00 GB reserved,       9.06 MB ( <1%) committed,  1 nodes.
             Both:        1.12 GB reserved,      83.69 MB (  7%) committed. 

Chunk freelists:
   Non-Class:  5.16 MB
       Class:  6.86 MB
        Both:  12.02 MB

MaxMetaspaceSize: unlimited
CompressedClassSpaceSize: 1.00 GB
Initial GC threshold: 21.00 MB
Current GC threshold: 123.38 MB
CDS: on
 - commit_granule_bytes: 65536.
 - commit_granule_words: 8192.
 - virtual_space_node_default_size: 8388608.
 - enlarge_chunks_in_place: 1.
 - use_allocation_guard: 0.


Internal statistics:

num_allocs_failed_limit: 9.
num_arena_births: 1676.
num_arena_deaths: 22.
num_vsnodes_births: 3.
num_vsnodes_deaths: 0.
num_space_committed: 1339.
num_space_uncommitted: 0.
num_chunks_returned_to_freelist: 35.
num_chunks_taken_from_freelist: 5677.
num_chunk_merges: 15.
num_chunk_splits: 3422.
num_chunks_enlarged: 1844.
num_inconsistent_stats: 0.

CodeHeap 'non-profiled nmethods': size=119168Kb used=18960Kb max_used=18960Kb free=100207Kb
 bounds [0x000002fa87ba0000, 0x000002fa88e30000, 0x000002fa8f000000]
CodeHeap 'profiled nmethods': size=119104Kb used=49631Kb max_used=49631Kb free=69472Kb
 bounds [0x000002fa80000000, 0x000002fa83080000, 0x000002fa87450000]
CodeHeap 'non-nmethods': size=7488Kb used=1517Kb max_used=3272Kb free=5970Kb
 bounds [0x000002fa87450000, 0x000002fa877c0000, 0x000002fa87ba0000]
CodeCache: size=245760Kb, used=70108Kb, max_used=71863Kb, free=175649Kb
 total_blobs=20726, nmethods=19888, adapters=739, full_count=0
Compilation: enabled, stopped_count=0, restarted_count=0

Compilation events (20 events):
Event: 8033.713 Thread 0x000002fafc543070 21516       3       java.util.logging.Logger::getLogger (8 bytes)
Event: 8033.713 Thread 0x000002fafc543070 nmethod 21516 0x000002fa83075a90 code [0x000002fa83075c60, 0x000002fa83075e20]
Event: 8033.713 Thread 0x000002fafc543070 21517       3       java.util.logging.Logger::getLogger (7 bytes)
Event: 8033.714 Thread 0x000002fafc543070 nmethod 21517 0x000002fa83075f10 code [0x000002fa830760c0, 0x000002fa830761e8]
Event: 8033.714 Thread 0x000002fafc543070 21518       3       java.util.logging.Logger::demandLogger (36 bytes)
Event: 8033.714 Thread 0x000002fafc543070 nmethod 21518 0x000002fa83076290 code [0x000002fa83076520, 0x000002fa83076fd0]
Event: 8447.874 Thread 0x000002fafc53fdf0 21519       4       java.util.concurrent.ThreadPoolExecutor::beforeExecute (1 bytes)
Event: 8447.875 Thread 0x000002fafc53fdf0 nmethod 21519 0x000002fa88e23190 code [0x000002fa88e23320, 0x000002fa88e233a8]
Event: 8577.995 Thread 0x000002fafc53fdf0 21520       4       java.util.concurrent.ThreadPoolExecutor::afterExecute (1 bytes)
Event: 8577.996 Thread 0x000002fafc53fdf0 nmethod 21520 0x000002fa88e23490 code [0x000002fa88e23620, 0x000002fa88e236a8]
Event: 9318.566 Thread 0x000002fafc53fdf0 21521       4       java.util.concurrent.locks.AbstractQueuedSynchronizer$Node::getAndUnsetStatus (14 bytes)
Event: 9318.567 Thread 0x000002fafc53fdf0 nmethod 21521 0x000002fa88e23790 code [0x000002fa88e23920, 0x000002fa88e239f0]
Event: 9946.459 Thread 0x000002fafc543070 21522   !   3       jdk.internal.ref.PhantomCleanable::isListEmpty (34 bytes)
Event: 9946.460 Thread 0x000002fafc543070 nmethod 21522 0x000002fa83077410 code [0x000002fa830775c0, 0x000002fa83077818]
Event: 9946.460 Thread 0x000002fafc543070 21523       3       jdk.internal.misc.InnocuousThread::eraseThreadLocals (23 bytes)
Event: 9946.460 Thread 0x000002fafc543070 nmethod 21523 0x000002fa83077910 code [0x000002fa83077aa0, 0x000002fa83077c08]
Event: 10579.639 Thread 0x000002fafc53fdf0 21524   !   4       java.util.concurrent.locks.AbstractQueuedSynchronizer::tryInitializeHead (66 bytes)
Event: 10579.641 Thread 0x000002fafc53fdf0 nmethod 21524 0x000002fa88e23a90 code [0x000002fa88e23c20, 0x000002fa88e23dd8]
Event: 10589.642 Thread 0x000002fafc53fdf0 21525       4       java.util.concurrent.locks.AbstractQueuedSynchronizer$Node::clearStatus (12 bytes)
Event: 10589.642 Thread 0x000002fafc53fdf0 nmethod 21525 0x000002fa88e23f10 code [0x000002fa88e240a0, 0x000002fa88e24130]

GC Heap History (20 events):
Event: 5335.968 GC heap before
{Heap before GC invocations=439 (full 4):
 PSYoungGen      total 9216K, used 9201K [0x00000000d5580000, 0x00000000d6580000, 0x0000000100000000)
  eden space 7680K, 100% used [0x00000000d5580000,0x00000000d5d00000,0x00000000d5d00000)
  from space 1536K, 99% used [0x00000000d6100000,0x00000000d627c550,0x00000000d6280000)
  to   space 4096K, 0% used [0x00000000d5d00000,0x00000000d5d00000,0x00000000d6100000)
 ParOldGen       total 550400K, used 550245K [0x0000000080000000, 0x00000000a1980000, 0x00000000d5580000)
  object space 550400K, 99% used [0x0000000080000000,0x00000000a1959650,0x00000000a1980000)
 Metaspace       used 83739K, committed 85440K, reserved 1179648K
  class space    used 8499K, committed 9216K, reserved 1048576K
}
Event: 5335.971 GC heap after
{Heap after GC invocations=439 (full 4):
 PSYoungGen      total 9728K, used 1879K [0x00000000d5580000, 0x00000000d6200000, 0x0000000100000000)
  eden space 7680K, 0% used [0x00000000d5580000,0x00000000d5580000,0x00000000d5d00000)
  from space 2048K, 91% used [0x00000000d5d00000,0x00000000d5ed5dd0,0x00000000d5f00000)
  to   space 2560K, 0% used [0x00000000d5f80000,0x00000000d5f80000,0x00000000d6200000)
 ParOldGen       total 551936K, used 551725K [0x0000000080000000, 0x00000000a1b00000, 0x00000000d5580000)
  object space 551936K, 99% used [0x0000000080000000,0x00000000a1acb788,0x00000000a1b00000)
 Metaspace       used 83739K, committed 85440K, reserved 1179648K
  class space    used 8499K, committed 9216K, reserved 1048576K
}
Event: 5414.781 GC heap before
{Heap before GC invocations=440 (full 4):
 PSYoungGen      total 9728K, used 9559K [0x00000000d5580000, 0x00000000d6200000, 0x0000000100000000)
  eden space 7680K, 100% used [0x00000000d5580000,0x00000000d5d00000,0x00000000d5d00000)
  from space 2048K, 91% used [0x00000000d5d00000,0x00000000d5ed5dd0,0x00000000d5f00000)
  to   space 2560K, 0% used [0x00000000d5f80000,0x00000000d5f80000,0x00000000d6200000)
 ParOldGen       total 551936K, used 551725K [0x0000000080000000, 0x00000000a1b00000, 0x00000000d5580000)
  object space 551936K, 99% used [0x0000000080000000,0x00000000a1acb788,0x00000000a1b00000)
 Metaspace       used 83761K, committed 85440K, reserved 1179648K
  class space    used 8499K, committed 9216K, reserved 1048576K
}
Event: 5414.784 GC heap after
{Heap after GC invocations=440 (full 4):
 PSYoungGen      total 9728K, used 1632K [0x00000000d5580000, 0x00000000d6180000, 0x0000000100000000)
  eden space 7680K, 0% used [0x00000000d5580000,0x00000000d5580000,0x00000000d5d00000)
  from space 2048K, 79% used [0x00000000d5f80000,0x00000000d6118000,0x00000000d6180000)
  to   space 2048K, 0% used [0x00000000d5d00000,0x00000000d5d00000,0x00000000d5f00000)
 ParOldGen       total 553472K, used 553410K [0x0000000080000000, 0x00000000a1c80000, 0x00000000d5580000)
  object space 553472K, 99% used [0x0000000080000000,0x00000000a1c70af0,0x00000000a1c80000)
 Metaspace       used 83761K, committed 85440K, reserved 1179648K
  class space    used 8499K, committed 9216K, reserved 1048576K
}
Event: 5445.557 GC heap before
{Heap before GC invocations=441 (full 4):
 PSYoungGen      total 9728K, used 9312K [0x00000000d5580000, 0x00000000d6180000, 0x0000000100000000)
  eden space 7680K, 100% used [0x00000000d5580000,0x00000000d5d00000,0x00000000d5d00000)
  from space 2048K, 79% used [0x00000000d5f80000,0x00000000d6118000,0x00000000d6180000)
  to   space 2048K, 0% used [0x00000000d5d00000,0x00000000d5d00000,0x00000000d5f00000)
 ParOldGen       total 553472K, used 553410K [0x0000000080000000, 0x00000000a1c80000, 0x00000000d5580000)
  object space 553472K, 99% used [0x0000000080000000,0x00000000a1c70af0,0x00000000a1c80000)
 Metaspace       used 83764K, committed 85440K, reserved 1179648K
  class space    used 8500K, committed 9216K, reserved 1048576K
}
Event: 5445.559 GC heap after
{Heap after GC invocations=441 (full 4):
 PSYoungGen      total 9728K, used 2042K [0x00000000d5580000, 0x00000000d6500000, 0x0000000100000000)
  eden space 7680K, 0% used [0x00000000d5580000,0x00000000d5580000,0x00000000d5d00000)
  from space 2048K, 99% used [0x00000000d5d00000,0x00000000d5efe948,0x00000000d5f00000)
  to   space 4096K, 0% used [0x00000000d6100000,0x00000000d6100000,0x00000000d6500000)
 ParOldGen       total 555008K, used 554993K [0x0000000080000000, 0x00000000a1e00000, 0x00000000d5580000)
  object space 555008K, 99% used [0x0000000080000000,0x00000000a1dfc560,0x00000000a1e00000)
 Metaspace       used 83764K, committed 85440K, reserved 1179648K
  class space    used 8500K, committed 9216K, reserved 1048576K
}
Event: 5445.615 GC heap before
{Heap before GC invocations=442 (full 4):
 PSYoungGen      total 9728K, used 9722K [0x00000000d5580000, 0x00000000d6500000, 0x0000000100000000)
  eden space 7680K, 100% used [0x00000000d5580000,0x00000000d5d00000,0x00000000d5d00000)
  from space 2048K, 99% used [0x00000000d5d00000,0x00000000d5efe948,0x00000000d5f00000)
  to   space 4096K, 0% used [0x00000000d6100000,0x00000000d6100000,0x00000000d6500000)
 ParOldGen       total 555008K, used 554993K [0x0000000080000000, 0x00000000a1e00000, 0x00000000d5580000)
  object space 555008K, 99% used [0x0000000080000000,0x00000000a1dfc560,0x00000000a1e00000)
 Metaspace       used 83802K, committed 85440K, reserved 1179648K
  class space    used 8500K, committed 9216K, reserved 1048576K
}
Event: 5445.618 GC heap after
{Heap after GC invocations=442 (full 4):
 PSYoungGen      total 9728K, used 1617K [0x00000000d5580000, 0x00000000d6300000, 0x0000000100000000)
  eden space 7680K, 0% used [0x00000000d5580000,0x00000000d5580000,0x00000000d5d00000)
  from space 2048K, 78% used [0x00000000d6100000,0x00000000d62946d8,0x00000000d6300000)
  to   space 2560K, 0% used [0x00000000d5e00000,0x00000000d5e00000,0x00000000d6080000)
 ParOldGen       total 557056K, used 556954K [0x0000000080000000, 0x00000000a2000000, 0x00000000d5580000)
  object space 557056K, 99% used [0x0000000080000000,0x00000000a1fe6860,0x00000000a2000000)
 Metaspace       used 83802K, committed 85440K, reserved 1179648K
  class space    used 8500K, committed 9216K, reserved 1048576K
}
Event: 5445.656 GC heap before
{Heap before GC invocations=443 (full 4):
 PSYoungGen      total 9728K, used 9297K [0x00000000d5580000, 0x00000000d6300000, 0x0000000100000000)
  eden space 7680K, 100% used [0x00000000d5580000,0x00000000d5d00000,0x00000000d5d00000)
  from space 2048K, 78% used [0x00000000d6100000,0x00000000d62946d8,0x00000000d6300000)
  to   space 2560K, 0% used [0x00000000d5e00000,0x00000000d5e00000,0x00000000d6080000)
 ParOldGen       total 557056K, used 556954K [0x0000000080000000, 0x00000000a2000000, 0x00000000d5580000)
  object space 557056K, 99% used [0x0000000080000000,0x00000000a1fe6860,0x00000000a2000000)
 Metaspace       used 83803K, committed 85504K, reserved 1179648K
  class space    used 8500K, committed 9216K, reserved 1048576K
}
Event: 5445.658 GC heap after
{Heap after GC invocations=443 (full 4):
 PSYoungGen      total 10240K, used 2544K [0x00000000d5580000, 0x00000000d6600000, 0x0000000100000000)
  eden space 7680K, 0% used [0x00000000d5580000,0x00000000d5580000,0x00000000d5d00000)
  from space 2560K, 99% used [0x00000000d5e00000,0x00000000d607c0f8,0x00000000d6080000)
  to   space 4608K, 0% used [0x00000000d6180000,0x00000000d6180000,0x00000000d6600000)
 ParOldGen       total 558592K, used 558436K [0x0000000080000000, 0x00000000a2180000, 0x00000000d5580000)
  object space 558592K, 99% used [0x0000000080000000,0x00000000a2159350,0x00000000a2180000)
 Metaspace       used 83803K, committed 85504K, reserved 1179648K
  class space    used 8500K, committed 9216K, reserved 1048576K
}
Event: 5445.776 GC heap before
{Heap before GC invocations=444 (full 4):
 PSYoungGen      total 10240K, used 10224K [0x00000000d5580000, 0x00000000d6600000, 0x0000000100000000)
  eden space 7680K, 100% used [0x00000000d5580000,0x00000000d5d00000,0x00000000d5d00000)
  from space 2560K, 99% used [0x00000000d5e00000,0x00000000d607c0f8,0x00000000d6080000)
  to   space 4608K, 0% used [0x00000000d6180000,0x00000000d6180000,0x00000000d6600000)
 ParOldGen       total 558592K, used 558436K [0x0000000080000000, 0x00000000a2180000, 0x00000000d5580000)
  object space 558592K, 99% used [0x0000000080000000,0x00000000a2159350,0x00000000a2180000)
 Metaspace       used 83840K, committed 85504K, reserved 1179648K
  class space    used 8500K, committed 9216K, reserved 1048576K
}
Event: 5445.778 GC heap after
{Heap after GC invocations=444 (full 4):
 PSYoungGen      total 8704K, used 813K [0x00000000d5580000, 0x00000000d6280000, 0x0000000100000000)
  eden space 7680K, 0% used [0x00000000d5580000,0x00000000d5580000,0x00000000d5d00000)
  from space 1024K, 79% used [0x00000000d6180000,0x00000000d624b4c8,0x00000000d6280000)
  to   space 2048K, 0% used [0x00000000d5e80000,0x00000000d5e80000,0x00000000d6080000)
 ParOldGen       total 560640K, used 560572K [0x0000000080000000, 0x00000000a2380000, 0x00000000d5580000)
  object space 560640K, 99% used [0x0000000080000000,0x00000000a236f1d0,0x00000000a2380000)
 Metaspace       used 83840K, committed 85504K, reserved 1179648K
  class space    used 8500K, committed 9216K, reserved 1048576K
}
Event: 5445.820 GC heap before
{Heap before GC invocations=445 (full 4):
 PSYoungGen      total 8704K, used 8425K [0x00000000d5580000, 0x00000000d6280000, 0x0000000100000000)
  eden space 7680K, 99% used [0x00000000d5580000,0x00000000d5cef0a8,0x00000000d5d00000)
  from space 1024K, 79% used [0x00000000d6180000,0x00000000d624b4c8,0x00000000d6280000)
  to   space 2048K, 0% used [0x00000000d5e80000,0x00000000d5e80000,0x00000000d6080000)
 ParOldGen       total 560640K, used 560572K [0x0000000080000000, 0x00000000a2380000, 0x00000000d5580000)
  object space 560640K, 99% used [0x0000000080000000,0x00000000a236f1d0,0x00000000a2380000)
 Metaspace       used 83852K, committed 85504K, reserved 1179648K
  class space    used 8500K, committed 9216K, reserved 1048576K
}
Event: 5445.821 GC heap after
{Heap after GC invocations=445 (full 4):
 PSYoungGen      total 9728K, used 384K [0x00000000d5580000, 0x00000000d6200000, 0x0000000100000000)
  eden space 7680K, 0% used [0x00000000d5580000,0x00000000d5580000,0x00000000d5d00000)
  from space 2048K, 18% used [0x00000000d5e80000,0x00000000d5ee0000,0x00000000d6080000)
  to   space 1024K, 0% used [0x00000000d6100000,0x00000000d6100000,0x00000000d6200000)
 ParOldGen       total 561152K, used 560920K [0x0000000080000000, 0x00000000a2400000, 0x00000000d5580000)
  object space 561152K, 99% used [0x0000000080000000,0x00000000a23c6380,0x00000000a2400000)
 Metaspace       used 83852K, committed 85504K, reserved 1179648K
  class space    used 8500K, committed 9216K, reserved 1048576K
}
Event: 5445.855 GC heap before
{Heap before GC invocations=446 (full 4):
 PSYoungGen      total 9728K, used 8064K [0x00000000d5580000, 0x00000000d6200000, 0x0000000100000000)
  eden space 7680K, 100% used [0x00000000d5580000,0x00000000d5d00000,0x00000000d5d00000)
  from space 2048K, 18% used [0x00000000d5e80000,0x00000000d5ee0000,0x00000000d6080000)
  to   space 1024K, 0% used [0x00000000d6100000,0x00000000d6100000,0x00000000d6200000)
 ParOldGen       total 561152K, used 560920K [0x0000000080000000, 0x00000000a2400000, 0x00000000d5580000)
  object space 561152K, 99% used [0x0000000080000000,0x00000000a23c6380,0x00000000a2400000)
 Metaspace       used 83868K, committed 85504K, reserved 1179648K
  class space    used 8500K, committed 9216K, reserved 1048576K
}
Event: 5445.856 GC heap after
{Heap after GC invocations=446 (full 4):
 PSYoungGen      total 8192K, used 491K [0x00000000d5580000, 0x00000000d6180000, 0x0000000100000000)
  eden space 7680K, 0% used [0x00000000d5580000,0x00000000d5580000,0x00000000d5d00000)
  from space 512K, 95% used [0x00000000d6100000,0x00000000d617adf0,0x00000000d6180000)
  to   space 1024K, 0% used [0x00000000d5f80000,0x00000000d5f80000,0x00000000d6080000)
 ParOldGen       total 561152K, used 560992K [0x0000000080000000, 0x00000000a2400000, 0x00000000d5580000)
  object space 561152K, 99% used [0x0000000080000000,0x00000000a23d8380,0x00000000a2400000)
 Metaspace       used 83868K, committed 85504K, reserved 1179648K
  class space    used 8500K, committed 9216K, reserved 1048576K
}
Event: 5445.906 GC heap before
{Heap before GC invocations=447 (full 4):
 PSYoungGen      total 8192K, used 8171K [0x00000000d5580000, 0x00000000d6180000, 0x0000000100000000)
  eden space 7680K, 100% used [0x00000000d5580000,0x00000000d5d00000,0x00000000d5d00000)
  from space 512K, 95% used [0x00000000d6100000,0x00000000d617adf0,0x00000000d6180000)
  to   space 1024K, 0% used [0x00000000d5f80000,0x00000000d5f80000,0x00000000d6080000)
 ParOldGen       total 561152K, used 560992K [0x0000000080000000, 0x00000000a2400000, 0x00000000d5580000)
  object space 561152K, 99% used [0x0000000080000000,0x00000000a23d8380,0x00000000a2400000)
 Metaspace       used 83929K, committed 85632K, reserved 1179648K
  class space    used 8509K, committed 9280K, reserved 1048576K
}
Event: 5445.907 GC heap after
{Heap after GC invocations=447 (full 4):
 PSYoungGen      total 8704K, used 416K [0x00000000d5580000, 0x00000000d6180000, 0x0000000100000000)
  eden space 7680K, 0% used [0x00000000d5580000,0x00000000d5580000,0x00000000d5d00000)
  from space 1024K, 40% used [0x00000000d5f80000,0x00000000d5fe8000,0x00000000d6080000)
  to   space 512K, 0% used [0x00000000d6100000,0x00000000d6100000,0x00000000d6180000)
 ParOldGen       total 561152K, used 561096K [0x0000000080000000, 0x00000000a2400000, 0x00000000d5580000)
  object space 561152K, 99% used [0x0000000080000000,0x00000000a23f2380,0x00000000a2400000)
 Metaspace       used 83929K, committed 85632K, reserved 1179648K
  class space    used 8509K, committed 9280K, reserved 1048576K
}
Event: 5445.943 GC heap before
{Heap before GC invocations=448 (full 4):
 PSYoungGen      total 8704K, used 8096K [0x00000000d5580000, 0x00000000d6180000, 0x0000000100000000)
  eden space 7680K, 100% used [0x00000000d5580000,0x00000000d5d00000,0x00000000d5d00000)
  from space 1024K, 40% used [0x00000000d5f80000,0x00000000d5fe8000,0x00000000d6080000)
  to   space 512K, 0% used [0x00000000d6100000,0x00000000d6100000,0x00000000d6180000)
 ParOldGen       total 561152K, used 561096K [0x0000000080000000, 0x00000000a2400000, 0x00000000d5580000)
  object space 561152K, 99% used [0x0000000080000000,0x00000000a23f2380,0x00000000a2400000)
 Metaspace       used 83938K, committed 85696K, reserved 1179648K
  class space    used 8509K, committed 9280K, reserved 1048576K
}
Event: 5445.944 GC heap after
{Heap after GC invocations=448 (full 4):
 PSYoungGen      total 8192K, used 459K [0x00000000d5580000, 0x00000000d6180000, 0x0000000100000000)
  eden space 7680K, 0% used [0x00000000d5580000,0x00000000d5580000,0x00000000d5d00000)
  from space 512K, 89% used [0x00000000d6100000,0x00000000d6172df0,0x00000000d6180000)
  to   space 512K, 0% used [0x00000000d6080000,0x00000000d6080000,0x00000000d6100000)
 ParOldGen       total 561664K, used 561272K [0x0000000080000000, 0x00000000a2480000, 0x00000000d5580000)
  object space 561664K, 99% used [0x0000000080000000,0x00000000a241e380,0x00000000a2480000)
 Metaspace       used 83938K, committed 85696K, reserved 1179648K
  class space    used 8509K, committed 9280K, reserved 1048576K
}

Dll operation events (12 events):
Event: 0.014 Loaded shared library c:\Users\11699\.trae-cn\extensions\redhat.java-1.54.0-win32-x64\jre\21.0.10-win32-x86_64\bin\java.dll
Event: 0.043 Loaded shared library c:\Users\11699\.trae-cn\extensions\redhat.java-1.54.0-win32-x64\jre\21.0.10-win32-x86_64\bin\zip.dll
Event: 0.119 Loaded shared library C:\Users\11699\.trae-cn\extensions\redhat.java-1.54.0-win32-x64\jre\21.0.10-win32-x86_64\bin\instrument.dll
Event: 0.126 Loaded shared library C:\Users\11699\.trae-cn\extensions\redhat.java-1.54.0-win32-x64\jre\21.0.10-win32-x86_64\bin\net.dll
Event: 0.129 Loaded shared library C:\Users\11699\.trae-cn\extensions\redhat.java-1.54.0-win32-x64\jre\21.0.10-win32-x86_64\bin\nio.dll
Event: 0.131 Loaded shared library C:\Users\11699\.trae-cn\extensions\redhat.java-1.54.0-win32-x64\jre\21.0.10-win32-x86_64\bin\zip.dll
Event: 0.150 Loaded shared library C:\Users\11699\.trae-cn\extensions\redhat.java-1.54.0-win32-x64\jre\21.0.10-win32-x86_64\bin\jimage.dll
Event: 0.227 Loaded shared library c:\Users\11699\.trae-cn\extensions\redhat.java-1.54.0-win32-x64\jre\21.0.10-win32-x86_64\bin\verify.dll
Event: 8.959 Loaded shared library C:\Users\11699\AppData\Roaming\Trae CN\User\globalStorage\redhat.java\1.54.0\config_win\org.eclipse.equinox.launcher\org.eclipse.equinox.launcher.win32.win32.x86_64_1.3.0.v20260203-2149\eclipse_11919.dll
Event: 20.226 Loaded shared library C:\Users\11699\AppData\Local\Temp\jna-46766006\jna13357958387405910222.dll
Event: 21.865 Loaded shared library C:\Users\11699\.trae-cn\extensions\redhat.java-1.54.0-win32-x64\jre\21.0.10-win32-x86_64\bin\sunmscapi.dll
Event: 21.983 Loaded shared library C:\Users\11699\.trae-cn\extensions\redhat.java-1.54.0-win32-x64\jre\21.0.10-win32-x86_64\bin\extnet.dll

Deoptimization events (20 events):
Event: 5336.415 Thread 0x000002fadb129930 DEOPT PACKING pc=0x000002fa82852a7a sp=0x000000fc9a8fe280
Event: 5336.415 Thread 0x000002fadb129930 DEOPT UNPACKING pc=0x000002fa874a4242 sp=0x000000fc9a8fd6d0 mode 0
Event: 5336.772 Thread 0x000002fadb129930 Uncommon trap: trap_request=0xffffff6e fr.pc=0x000002fa88d851bc relative=0x0000000000002b3c
Event: 5336.772 Thread 0x000002fadb129930 Uncommon trap: reason=loop_limit_check action=maybe_recompile pc=0x000002fa88d851bc method=org.eclipse.jdt.internal.compiler.lookup.SourceTypeBinding.getExactMethod([C[Lorg/eclipse/jdt/internal/compiler/lookup/TypeBinding;Lorg/eclipse/jdt/internal/compile
Event: 5336.772 Thread 0x000002fadb129930 DEOPT PACKING pc=0x000002fa88d851bc sp=0x000000fc9a8fd560
Event: 5336.773 Thread 0x000002fadb129930 DEOPT UNPACKING pc=0x000002fa874a3aa2 sp=0x000000fc9a8fd500 mode 2
Event: 5445.553 Thread 0x000002fadbffa080 Uncommon trap: trap_request=0xffffff6e fr.pc=0x000002fa88dabd50 relative=0x0000000000001d10
Event: 5445.553 Thread 0x000002fadbffa080 Uncommon trap: reason=loop_limit_check action=maybe_recompile pc=0x000002fa88dabd50 method=org.eclipse.jdt.internal.compiler.lookup.BinaryTypeBinding.getExactConstructor([Lorg/eclipse/jdt/internal/compiler/lookup/TypeBinding;)Lorg/eclipse/jdt/internal/com
Event: 5445.553 Thread 0x000002fadbffa080 DEOPT PACKING pc=0x000002fa88dabd50 sp=0x000000fc9c4fe550
Event: 5445.553 Thread 0x000002fadbffa080 DEOPT UNPACKING pc=0x000002fa874a3aa2 sp=0x000000fc9c4fe508 mode 2
Event: 5445.560 Thread 0x000002fadbffa080 DEOPT PACKING pc=0x000002fa8003c9ca sp=0x000000fc9c4fd410
Event: 5445.560 Thread 0x000002fadbffa080 DEOPT UNPACKING pc=0x000002fa874a4242 sp=0x000000fc9c4fc870 mode 0
Event: 5445.620 Thread 0x000002fadbffa080 Uncommon trap: trap_request=0xffffffcc fr.pc=0x000002fa88dc2954 relative=0x0000000000000df4
Event: 5445.620 Thread 0x000002fadbffa080 Uncommon trap: reason=intrinsic_or_type_checked_inlining action=make_not_entrant pc=0x000002fa88dc2954 method=org.eclipse.jdt.internal.compiler.parser.Parser.parse(Lorg/eclipse/jdt/internal/compiler/ast/MethodDeclaration;Lorg/eclipse/jdt/internal/compiler
Event: 5445.620 Thread 0x000002fadbffa080 DEOPT PACKING pc=0x000002fa88dc2954 sp=0x000000fc9c4fea00
Event: 5445.620 Thread 0x000002fadbffa080 DEOPT UNPACKING pc=0x000002fa874a3aa2 sp=0x000000fc9c4fe9a0 mode 2
Event: 5445.628 Thread 0x000002fadbffa080 Uncommon trap: trap_request=0xffffffcc fr.pc=0x000002fa88dcf2c4 relative=0x0000000000000464
Event: 5445.628 Thread 0x000002fadbffa080 Uncommon trap: reason=intrinsic_or_type_checked_inlining action=make_not_entrant pc=0x000002fa88dcf2c4 method=org.eclipse.jdt.internal.compiler.parser.Parser.consumeMethodHeaderRightParen()V @ 268 c2
Event: 5445.628 Thread 0x000002fadbffa080 DEOPT PACKING pc=0x000002fa88dcf2c4 sp=0x000000fc9c4fe1d0
Event: 5445.628 Thread 0x000002fadbffa080 DEOPT UNPACKING pc=0x000002fa874a3aa2 sp=0x000000fc9c4fe150 mode 2

Classes loaded (20 events):
Event: 330.685 Loading class java/util/function/LongFunction
Event: 330.685 Loading class java/util/function/LongFunction done
Event: 330.685 Loading class java/util/stream/Nodes$ConcNode
Event: 330.686 Loading class java/util/stream/Nodes$AbstractConcNode
Event: 330.686 Loading class java/util/stream/Nodes$AbstractConcNode done
Event: 330.686 Loading class java/util/stream/Nodes$ConcNode done
Event: 330.697 Loading class java/io/ObjectOutputStream$BlockDataOutputStream
Event: 330.698 Loading class java/io/ObjectOutputStream$BlockDataOutputStream done
Event: 330.698 Loading class java/io/ObjectOutputStream$HandleTable
Event: 330.698 Loading class java/io/ObjectOutputStream$HandleTable done
Event: 330.698 Loading class java/io/ObjectOutputStream$ReplaceTable
Event: 330.698 Loading class java/io/ObjectOutputStream$ReplaceTable done
Event: 5208.874 Loading class java/lang/UnsupportedClassVersionError
Event: 5208.876 Loading class java/lang/UnsupportedClassVersionError done
Event: 5212.415 Loading class java/util/regex/Pattern$Behind
Event: 5212.416 Loading class java/util/regex/Pattern$Behind done
Event: 5212.417 Loading class java/util/regex/Pattern$Neg
Event: 5212.417 Loading class java/util/regex/Pattern$Neg done
Event: 5334.993 Loading class jdk/internal/ref/CleanerImpl$InnocuousThreadFactory
Event: 5334.994 Loading class jdk/internal/ref/CleanerImpl$InnocuousThreadFactory done

Classes unloaded (11 events):
Event: 20.708 Thread 0x000002fafc532a60 Unloading class 0x000002fa941a3400 'java/lang/invoke/LambdaForm$MH+0x000002fa941a3400'
Event: 20.708 Thread 0x000002fafc532a60 Unloading class 0x000002fa941a3000 'java/lang/invoke/LambdaForm$MH+0x000002fa941a3000'
Event: 20.708 Thread 0x000002fafc532a60 Unloading class 0x000002fa941a2c00 'java/lang/invoke/LambdaForm$MH+0x000002fa941a2c00'
Event: 20.708 Thread 0x000002fafc532a60 Unloading class 0x000002fa941a2800 'java/lang/invoke/LambdaForm$MH+0x000002fa941a2800'
Event: 20.708 Thread 0x000002fafc532a60 Unloading class 0x000002fa941a2400 'java/lang/invoke/LambdaForm$BMH+0x000002fa941a2400'
Event: 20.708 Thread 0x000002fafc532a60 Unloading class 0x000002fa941a2000 'java/lang/invoke/LambdaForm$DMH+0x000002fa941a2000'
Event: 20.708 Thread 0x000002fafc532a60 Unloading class 0x000002fa941a1000 'java/lang/invoke/LambdaForm$DMH+0x000002fa941a1000'
Event: 1945.905 Thread 0x000002fafc532a60 Unloading class 0x000002fa94798800 'java/lang/invoke/LambdaForm$DMH+0x000002fa94798800'
Event: 1945.905 Thread 0x000002fafc532a60 Unloading class 0x000002fa94798400 'java/lang/invoke/LambdaForm$DMH+0x000002fa94798400'
Event: 1945.905 Thread 0x000002fafc532a60 Unloading class 0x000002fa94798000 'java/lang/invoke/LambdaForm$DMH+0x000002fa94798000'
Event: 1945.905 Thread 0x000002fafc532a60 Unloading class 0x000002fa94794c00 'java/lang/invoke/LambdaForm$DMH+0x000002fa94794c00'

Classes redefined (0 events):
No events

Internal exceptions (20 events):
Event: 5211.261 Thread 0x000002fadb129930 Implicit null exception at 0x000002fa88444da7 to 0x000002fa88445494
Event: 5211.335 Thread 0x000002fadbffc7e0 Implicit null exception at 0x000002fa8864947e to 0x000002fa8864b328
Event: 5211.335 Thread 0x000002fadbffc7e0 Implicit null exception at 0x000002fa8864dc64 to 0x000002fa8864e3d8
Event: 5212.151 Thread 0x000002fadbffc150 Exception <a 'java/lang/NoSuchMethodError'{0x00000000d55caec8}: 'java.lang.Object java.lang.invoke.DirectMethodHandle$Holder.newInvokeSpecial(java.lang.Object, java.lang.Object, int, java.lang.Object, java.lang.Object, java.lang.Object, java.lang.Object)'> (0x00000000d55caec8) 
thrown [s\src\hotspot\share\interpreter\linkResolver.cpp, line 773]
Event: 5212.301 Thread 0x000002fadbffc150 Exception <a 'java/lang/NoSuchMethodError'{0x00000000d561b8b8}: 'void java.lang.invoke.DirectMethodHandle$Holder.invokeSpecial(java.lang.Object, java.lang.Object, int)'> (0x00000000d561b8b8) 
thrown [s\src\hotspot\share\interpreter\linkResolver.cpp, line 773]
Event: 5212.454 Thread 0x000002fadbffc150 Exception <a 'java/lang/NoSuchMethodError'{0x00000000d5660568}: 'int java.lang.invoke.DirectMethodHandle$Holder.invokeVirtual(java.lang.Object, java.lang.Object, java.lang.Object, int)'> (0x00000000d5660568) 
thrown [s\src\hotspot\share\interpreter\linkResolver.cpp, line 773]
Event: 5212.556 Thread 0x000002fadbffc7e0 Exception <a 'java/lang/ArrayIndexOutOfBoundsException'{0x00000000d563e560}: Index 93 out of bounds for length 93> (0x00000000d563e560) 
thrown [s\src\hotspot\share\interpreter\interpreterRuntime.cpp, line 439]
Event: 5212.616 Thread 0x000002fadbffc7e0 Implicit null exception at 0x000002fa88a9b29f to 0x000002fa88a9b9f4
Event: 5285.758 Thread 0x000002fadb129930 Exception <a 'sun/nio/fs/WindowsException'{0x00000000d55c0048}> (0x00000000d55c0048) 
thrown [s\src\hotspot\share\prims\jni.cpp, line 520]
Event: 5285.804 Thread 0x000002fadbff99f0 Exception <a 'java/lang/IncompatibleClassChangeError'{0x00000000d55e7518}: Found class java.lang.Object, but interface was expected> (0x00000000d55e7518) 
thrown [s\src\hotspot\share\interpreter\linkResolver.cpp, line 840]
Event: 5286.056 Thread 0x000002fadb129930 Exception <a 'sun/nio/fs/WindowsException'{0x00000000d55960d8}> (0x00000000d55960d8) 
thrown [s\src\hotspot\share\prims\jni.cpp, line 520]
Event: 5286.803 Thread 0x000002fadbff7920 Implicit null exception at 0x000002fa884a1843 to 0x000002fa884a19c0
Event: 5286.939 Thread 0x000002faddd6daa0 Exception <a 'java/lang/ArrayIndexOutOfBoundsException'{0x00000000d56fb770}: Index 93 out of bounds for length 93> (0x00000000d56fb770) 
thrown [s\src\hotspot\share\interpreter\interpreterRuntime.cpp, line 439]
Event: 5334.048 Thread 0x000002fadb129930 Exception <a 'sun/nio/fs/WindowsException'{0x00000000d561e930}> (0x00000000d561e930) 
thrown [s\src\hotspot\share\prims\jni.cpp, line 520]
Event: 5334.382 Thread 0x000002fadbffa080 Implicit null exception at 0x000002fa88189650 to 0x000002fa881897a8
Event: 5334.385 Thread 0x000002fadb129930 Exception <a 'sun/nio/fs/WindowsException'{0x00000000d576ecb8}> (0x00000000d576ecb8) 
thrown [s\src\hotspot\share\prims\jni.cpp, line 520]
Event: 5334.858 Thread 0x000002faddd6cd80 Implicit null exception at 0x000002fa88af1089 to 0x000002fa88af6534
Event: 5334.858 Thread 0x000002faddd6cd80 Implicit null exception at 0x000002fa88acd92b to 0x000002fa88ad2e64
Event: 5509.855 Thread 0x000002fadb12a650 Exception <a 'sun/nio/fs/WindowsException'{0x00000000d5678bc8}> (0x00000000d5678bc8) 
thrown [s\src\hotspot\share\prims\jni.cpp, line 520]
Event: 5509.855 Thread 0x000002fadb12a650 Exception <a 'sun/nio/fs/WindowsException'{0x00000000d56795b0}> (0x00000000d56795b0) 
thrown [s\src\hotspot\share\prims\jni.cpp, line 520]

ZGC Phase Switch (0 events):
No events

VM Operations (20 events):
Event: 10345.394 Executing non-safepoint VM operation: HandshakeAllThreads (HandshakeForDeflation)
Event: 10345.394 Executing non-safepoint VM operation: HandshakeAllThreads (HandshakeForDeflation) done
Event: 10345.394 Executing non-safepoint VM operation: RendezvousGCThreads
Event: 10345.394 Executing non-safepoint VM operation: RendezvousGCThreads done
Event: 10465.708 Executing non-safepoint VM operation: HandshakeAllThreads (HandshakeForDeflation)
Event: 10465.708 Executing non-safepoint VM operation: HandshakeAllThreads (HandshakeForDeflation) done
Event: 10465.708 Executing non-safepoint VM operation: RendezvousGCThreads
Event: 10465.708 Executing non-safepoint VM operation: RendezvousGCThreads done
Event: 10525.795 Executing non-safepoint VM operation: HandshakeAllThreads (HandshakeForDeflation)
Event: 10525.795 Executing non-safepoint VM operation: HandshakeAllThreads (HandshakeForDeflation) done
Event: 10525.795 Executing non-safepoint VM operation: RendezvousGCThreads
Event: 10525.795 Executing non-safepoint VM operation: RendezvousGCThreads done
Event: 10766.259 Executing non-safepoint VM operation: HandshakeAllThreads (HandshakeForDeflation)
Event: 10766.259 Executing non-safepoint VM operation: HandshakeAllThreads (HandshakeForDeflation) done
Event: 10766.259 Executing non-safepoint VM operation: RendezvousGCThreads
Event: 10766.259 Executing non-safepoint VM operation: RendezvousGCThreads done
Event: 10886.350 Executing non-safepoint VM operation: HandshakeAllThreads (HandshakeForDeflation)
Event: 10886.351 Executing non-safepoint VM operation: HandshakeAllThreads (HandshakeForDeflation) done
Event: 10886.351 Executing non-safepoint VM operation: RendezvousGCThreads
Event: 10886.351 Executing non-safepoint VM operation: RendezvousGCThreads done

Memory protections (0 events):
No events

Nmethod flushes (20 events):
Event: 1945.968 Thread 0x000002fafc532a60 flushing  nmethod 0x000002fa80fa9c10
Event: 1945.968 Thread 0x000002fafc532a60 flushing  nmethod 0x000002fa80faa110
Event: 1945.968 Thread 0x000002fafc532a60 flushing  nmethod 0x000002fa80fabf10
Event: 1945.968 Thread 0x000002fafc532a60 flushing  nmethod 0x000002fa80fad190
Event: 1945.968 Thread 0x000002fafc532a60 flushing  nmethod 0x000002fa80fb0290
Event: 1945.968 Thread 0x000002fafc532a60 flushing  nmethod 0x000002fa80fb6110
Event: 1945.968 Thread 0x000002fafc532a60 flushing  nmethod 0x000002fa80fb7810
Event: 1945.968 Thread 0x000002fafc532a60 flushing  nmethod 0x000002fa80fca990
Event: 1945.968 Thread 0x000002fafc532a60 flushing  nmethod 0x000002fa8100fd10
Event: 1945.968 Thread 0x000002fafc532a60 flushing  nmethod 0x000002fa81010190
Event: 1945.968 Thread 0x000002fafc532a60 flushing  nmethod 0x000002fa81010b10
Event: 1945.968 Thread 0x000002fafc532a60 flushing  nmethod 0x000002fa81011310
Event: 1945.968 Thread 0x000002fafc532a60 flushing osr nmethod 0x000002fa8102cb10
Event: 1945.968 Thread 0x000002fafc532a60 flushing  nmethod 0x000002fa8102da90
Event: 1945.968 Thread 0x000002fafc532a60 flushing  nmethod 0x000002fa8102e390
Event: 1945.968 Thread 0x000002fafc532a60 flushing  nmethod 0x000002fa8102ed90
Event: 1945.968 Thread 0x000002fafc532a60 flushing  nmethod 0x000002fa8102fc10
Event: 1945.968 Thread 0x000002fafc532a60 flushing  nmethod 0x000002fa8106c890
Event: 1945.968 Thread 0x000002fafc532a60 flushing  nmethod 0x000002fa8106db90
Event: 1945.968 Thread 0x000002fafc532a60 flushing  nmethod 0x000002fa81097210

Events (20 events):
Event: 5509.856 Thread 0x000002faddd6cd80 Thread exited: 0x000002faddd6cd80
Event: 5510.046 Thread 0x000002fadbffada0 Thread exited: 0x000002fadbffada0
Event: 5565.961 Thread 0x000002fadbffc150 Thread exited: 0x000002fadbffc150
Event: 5585.788 Thread 0x000002fadb129fc0 Thread exited: 0x000002fadb129fc0
Event: 5625.969 Thread 0x000002fadbffc7e0 Thread exited: 0x000002fadbffc7e0
Event: 5634.156 Thread 0x000002faddd6b9d0 Thread exited: 0x000002faddd6b9d0
Event: 5634.403 Thread 0x000002faddd6a620 Thread exited: 0x000002faddd6a620
Event: 5634.403 Thread 0x000002faddd6c6f0 Thread exited: 0x000002faddd6c6f0
Event: 5634.403 Thread 0x000002faddd6acb0 Thread exited: 0x000002faddd6acb0
Event: 5685.981 Thread 0x000002faddd6daa0 Thread exited: 0x000002faddd6daa0
Event: 5745.991 Thread 0x000002fadbffb430 Thread exited: 0x000002fadbffb430
Event: 5806.004 Thread 0x000002fadbff6570 Thread exited: 0x000002fadbff6570
Event: 5866.012 Thread 0x000002fadbff9360 Thread exited: 0x000002fadbff9360
Event: 5926.020 Thread 0x000002fadbff5ee0 Thread exited: 0x000002fadbff5ee0
Event: 5986.026 Thread 0x000002fadbff7fb0 Thread exited: 0x000002fadbff7fb0
Event: 6046.025 Thread 0x000002fadbff7290 Thread exited: 0x000002fadbff7290
Event: 6106.025 Thread 0x000002fadd97ba80 Thread exited: 0x000002fadd97ba80
Event: 6166.026 Thread 0x000002fadbff6c00 Thread exited: 0x000002fadbff6c00
Event: 6226.031 Thread 0x000002fadbff8640 Thread exited: 0x000002fadbff8640
Event: 6286.041 Thread 0x000002faddd6d410 Thread exited: 0x000002faddd6d410


Dynamic libraries:
0x00007ff73be30000 - 0x00007ff73be3e000 	c:\Users\11699\.trae-cn\extensions\redhat.java-1.54.0-win32-x64\jre\21.0.10-win32-x86_64\bin\java.exe
0x00007ff8a4ae0000 - 0x00007ff8a4d47000 	C:\WINDOWS\SYSTEM32\ntdll.dll
0x00007ff8a39b0000 - 0x00007ff8a3a79000 	C:\WINDOWS\System32\KERNEL32.DLL
0x00007ff8a15b0000 - 0x00007ff8a19a4000 	C:\WINDOWS\System32\KERNELBASE.dll
0x00007ff8a13b0000 - 0x00007ff8a14fb000 	C:\WINDOWS\System32\ucrtbase.dll
0x00007ff81a160000 - 0x00007ff81a17e000 	c:\Users\11699\.trae-cn\extensions\redhat.java-1.54.0-win32-x64\jre\21.0.10-win32-x86_64\bin\VCRUNTIME140.dll
0x00007ff82f660000 - 0x00007ff82f678000 	c:\Users\11699\.trae-cn\extensions\redhat.java-1.54.0-win32-x64\jre\21.0.10-win32-x86_64\bin\jli.dll
0x00007ff8a2990000 - 0x00007ff8a2b55000 	C:\WINDOWS\System32\USER32.dll
0x00007ff8811e0000 - 0x00007ff881473000 	C:\WINDOWS\WinSxS\amd64_microsoft.windows.common-controls_6595b64144ccf1df_6.0.26100.8115_none_3e075c82e3354f9c\COMCTL32.dll
0x00007ff8a3a80000 - 0x00007ff8a3b29000 	C:\WINDOWS\System32\msvcrt.dll
0x00007ff8a2840000 - 0x00007ff8a2867000 	C:\WINDOWS\System32\win32u.dll
0x00007ff8a3370000 - 0x00007ff8a339b000 	C:\WINDOWS\System32\GDI32.dll
0x00007ff8a23a0000 - 0x00007ff8a24cb000 	C:\WINDOWS\System32\gdi32full.dll
0x00007ff8a2560000 - 0x00007ff8a2603000 	C:\WINDOWS\System32\msvcp_win.dll
0x00007ff8a4270000 - 0x00007ff8a42a2000 	C:\WINDOWS\System32\IMM32.DLL
0x00007ff88d5c0000 - 0x00007ff88d5cc000 	c:\Users\11699\.trae-cn\extensions\redhat.java-1.54.0-win32-x64\jre\21.0.10-win32-x86_64\bin\vcruntime140_1.dll
0x00007fffc3310000 - 0x00007fffc339d000 	c:\Users\11699\.trae-cn\extensions\redhat.java-1.54.0-win32-x64\jre\21.0.10-win32-x86_64\bin\msvcp140.dll
0x00007fffc2560000 - 0x00007fffc3301000 	c:\Users\11699\.trae-cn\extensions\redhat.java-1.54.0-win32-x64\jre\21.0.10-win32-x86_64\bin\server\jvm.dll
0x00007ff8a2c80000 - 0x00007ff8a2d36000 	C:\WINDOWS\System32\ADVAPI32.dll
0x00007ff8a2bd0000 - 0x00007ff8a2c77000 	C:\WINDOWS\System32\sechost.dll
0x00007ff8a2870000 - 0x00007ff8a2988000 	C:\WINDOWS\System32\RPCRT4.dll
0x00007ff8a4000000 - 0x00007ff8a4080000 	C:\WINDOWS\System32\WS2_32.dll
0x00007ff89e5f0000 - 0x00007ff89e626000 	C:\WINDOWS\SYSTEM32\WINMM.dll
0x00007ff8a0c10000 - 0x00007ff8a0c6e000 	C:\WINDOWS\SYSTEM32\POWRPROF.dll
0x00007ff8931a0000 - 0x00007ff8931ab000 	C:\WINDOWS\SYSTEM32\VERSION.dll
0x00007ff8a0bf0000 - 0x00007ff8a0c04000 	C:\WINDOWS\SYSTEM32\UMPDC.dll
0x00007ff8a0100000 - 0x00007ff8a011b000 	C:\WINDOWS\SYSTEM32\kernel.appcore.dll
0x00007ff888aa0000 - 0x00007ff888aaa000 	c:\Users\11699\.trae-cn\extensions\redhat.java-1.54.0-win32-x64\jre\21.0.10-win32-x86_64\bin\jimage.dll
0x00007ff89ef20000 - 0x00007ff89f162000 	C:\WINDOWS\SYSTEM32\DBGHELP.DLL
0x00007ff8a2d40000 - 0x00007ff8a30c2000 	C:\WINDOWS\System32\combase.dll
0x00007ff8a4090000 - 0x00007ff8a4168000 	C:\WINDOWS\System32\OLEAUT32.dll
0x00007ff873150000 - 0x00007ff87318b000 	C:\WINDOWS\SYSTEM32\dbgcore.DLL
0x00007ff8a1500000 - 0x00007ff8a15a5000 	C:\WINDOWS\System32\bcryptPrimitives.dll
0x00007ff886ad0000 - 0x00007ff886adf000 	c:\Users\11699\.trae-cn\extensions\redhat.java-1.54.0-win32-x64\jre\21.0.10-win32-x86_64\bin\instrument.dll
0x00007ff817890000 - 0x00007ff8178b0000 	c:\Users\11699\.trae-cn\extensions\redhat.java-1.54.0-win32-x64\jre\21.0.10-win32-x86_64\bin\java.dll
0x00007ff8a4330000 - 0x00007ff8a4a97000 	C:\WINDOWS\System32\SHELL32.dll
0x00007ff8a26d0000 - 0x00007ff8a283a000 	C:\WINDOWS\System32\wintypes.dll
0x00007ff8a1b30000 - 0x00007ff8a2398000 	C:\WINDOWS\System32\windows.storage.dll
0x00007ff8a4170000 - 0x00007ff8a4268000 	C:\WINDOWS\System32\SHCORE.dll
0x00007ff8a33f0000 - 0x00007ff8a3456000 	C:\WINDOWS\System32\shlwapi.dll
0x00007ff8a12d0000 - 0x00007ff8a12f9000 	C:\WINDOWS\SYSTEM32\profapi.dll
0x00007ff8176e0000 - 0x00007ff8176f8000 	c:\Users\11699\.trae-cn\extensions\redhat.java-1.54.0-win32-x64\jre\21.0.10-win32-x86_64\bin\zip.dll
0x00007ff875eb0000 - 0x00007ff875ec0000 	C:\Users\11699\.trae-cn\extensions\redhat.java-1.54.0-win32-x64\jre\21.0.10-win32-x86_64\bin\net.dll
0x00007ff896d60000 - 0x00007ff896e8d000 	C:\WINDOWS\SYSTEM32\WINHTTP.dll
0x00007ff8a0650000 - 0x00007ff8a06bc000 	C:\WINDOWS\system32\mswsock.dll
0x00007ff8176c0000 - 0x00007ff8176d6000 	C:\Users\11699\.trae-cn\extensions\redhat.java-1.54.0-win32-x64\jre\21.0.10-win32-x86_64\bin\nio.dll
0x00007ff858230000 - 0x00007ff858240000 	c:\Users\11699\.trae-cn\extensions\redhat.java-1.54.0-win32-x64\jre\21.0.10-win32-x86_64\bin\verify.dll
0x00007fffc3940000 - 0x00007fffc3985000 	C:\Users\11699\AppData\Roaming\Trae CN\User\globalStorage\redhat.java\1.54.0\config_win\org.eclipse.equinox.launcher\org.eclipse.equinox.launcher.win32.win32.x86_64_1.3.0.v20260203-2149\eclipse_11919.dll
0x00007ff8a3b40000 - 0x00007ff8a3cd7000 	C:\WINDOWS\System32\ole32.dll
0x00007ff8a0a50000 - 0x00007ff8a0a6b000 	C:\WINDOWS\SYSTEM32\CRYPTSP.dll
0x00007ff8a0060000 - 0x00007ff8a0099000 	C:\WINDOWS\system32\rsaenh.dll
0x00007ff8a0700000 - 0x00007ff8a0733000 	C:\WINDOWS\SYSTEM32\USERENV.dll
0x00007ff8a12a0000 - 0x00007ff8a12ca000 	C:\WINDOWS\SYSTEM32\bcrypt.dll
0x00007ff8a08b0000 - 0x00007ff8a08bc000 	C:\WINDOWS\SYSTEM32\CRYPTBASE.dll
0x00007ff89fae0000 - 0x00007ff89fb12000 	C:\WINDOWS\SYSTEM32\IPHLPAPI.DLL
0x00007ff8a3b30000 - 0x00007ff8a3b3a000 	C:\WINDOWS\System32\NSI.dll
0x00007ff886f80000 - 0x00007ff886fc9000 	C:\Users\11699\AppData\Local\Temp\jna-46766006\jna13357958387405910222.dll
0x00007ff8a2bc0000 - 0x00007ff8a2bc8000 	C:\WINDOWS\System32\PSAPI.DLL
0x00007ff898440000 - 0x00007ff89845d000 	C:\WINDOWS\SYSTEM32\dhcpcsvc6.DLL
0x00007ff898110000 - 0x00007ff898135000 	C:\WINDOWS\SYSTEM32\dhcpcsvc.DLL
0x00007ff887200000 - 0x00007ff88720e000 	C:\Users\11699\.trae-cn\extensions\redhat.java-1.54.0-win32-x64\jre\21.0.10-win32-x86_64\bin\sunmscapi.dll
0x00007ff8a19b0000 - 0x00007ff8a1b27000 	C:\WINDOWS\System32\CRYPT32.dll
0x00007ff8a0cd0000 - 0x00007ff8a0d00000 	C:\WINDOWS\SYSTEM32\ncrypt.dll
0x00007ff8a0c80000 - 0x00007ff8a0cbf000 	C:\WINDOWS\SYSTEM32\NTASN1.dll
0x00007ff89fbd0000 - 0x00007ff89fd02000 	C:\WINDOWS\SYSTEM32\DNSAPI.dll
0x00007ff897140000 - 0x00007ff89714b000 	C:\Windows\System32\rasadhlp.dll
0x00007ff898560000 - 0x00007ff8985e6000 	C:\WINDOWS\System32\fwpuclnt.dll
0x00007ff8871f0000 - 0x00007ff8871f9000 	C:\Users\11699\.trae-cn\extensions\redhat.java-1.54.0-win32-x64\jre\21.0.10-win32-x86_64\bin\extnet.dll

JVMTI agents:
c:\Users\11699\.trae-cn\extensions\redhat.java-1.54.0-win32-x64\lombok\lombok-1.18.39-4050.jar path:c:\Users\11699\.trae-cn\extensions\redhat.java-1.54.0-win32-x64\jre\21.0.10-win32-x86_64\bin\instrument.dll, loaded, initialized, instrumentlib options:none

dbghelp: loaded successfully - version: 4.0.5 - missing functions: none
symbol engine: initialized successfully - sym options: 0x614 - pdb path: .;c:\Users\11699\.trae-cn\extensions\redhat.java-1.54.0-win32-x64\jre\21.0.10-win32-x86_64\bin;C:\WINDOWS\SYSTEM32;C:\WINDOWS\WinSxS\amd64_microsoft.windows.common-controls_6595b64144ccf1df_6.0.26100.8115_none_3e075c82e3354f9c;c:\Users\11699\.trae-cn\extensions\redhat.java-1.54.0-win32-x64\jre\21.0.10-win32-x86_64\bin\server;C:\Users\11699\AppData\Roaming\Trae CN\User\globalStorage\redhat.java\1.54.0\config_win\org.eclipse.equinox.launcher\org.eclipse.equinox.launcher.win32.win32.x86_64_1.3.0.v20260203-2149;C:\Users\11699\AppData\Local\Temp\jna-46766006

VM Arguments:
jvm_args: --add-modules=ALL-SYSTEM --add-opens=java.base/java.util=ALL-UNNAMED --add-opens=java.base/java.lang=ALL-UNNAMED --add-opens=java.base/sun.nio.fs=ALL-UNNAMED -Declipse.application=org.eclipse.jdt.ls.core.id1 -Dosgi.bundles.defaultStartLevel=4 -Declipse.product=org.eclipse.jdt.ls.core.product -Djava.import.generatesMetadataFilesAtProjectRoot=false -DDetectVMInstallationsJob.disabled=true -Dfile.encoding=utf8 -XX:+UseParallelGC -XX:GCTimeRatio=4 -XX:AdaptiveSizePolicyWeight=90 -Dsun.zip.disableMemoryMapping=true -Xmx2G -Xms100m -Xlog:disable -javaagent:c:\Users\11699\.trae-cn\extensions\redhat.java-1.54.0-win32-x64\lombok\lombok-1.18.39-4050.jar -XX:+HeapDumpOnOutOfMemoryError -XX:HeapDumpPath=c:\Users\11699\AppData\Roaming\Trae CN\User\workspaceStorage\782b54f33078f850d659540a908622f6\redhat.java -Daether.dependencyCollector.impl=bf 
java_command: c:\Users\11699\.trae-cn\extensions\redhat.java-1.54.0-win32-x64\server\plugins\org.eclipse.equinox.launcher_1.7.100.v20251111-0406.jar -configuration c:\Users\11699\AppData\Roaming\Trae CN\User\globalStorage\redhat.java\1.54.0\config_win -data c:\Users\11699\AppData\Roaming\Trae CN\User\workspaceStorage\782b54f33078f850d659540a908622f6\redhat.java\jdt_ws --pipe=\\.\pipe\lsp-2125949516594b3d4000d83ceaefc3c5-sock
java_class_path (initial): c:\Users\11699\.trae-cn\extensions\redhat.java-1.54.0-win32-x64\server\plugins\org.eclipse.equinox.launcher_1.7.100.v20251111-0406.jar
Launcher Type: SUN_STANDARD

[Global flags]
    uintx AdaptiveSizePolicyWeight                 = 90                                        {product} {command line}
     intx CICompilerCount                          = 12                                        {product} {ergonomic}
    uintx GCTimeRatio                              = 4                                         {product} {command line}
     bool HeapDumpOnOutOfMemoryError               = true                                   {manageable} {command line}
    ccstr HeapDumpPath                             = c:\Users\11699\AppData\Roaming\Trae CN\User\workspaceStorage\782b54f33078f850d659540a908622f6\redhat.java         {manageable} {command line}
   size_t InitialHeapSize                          = 104857600                                 {product} {command line}
   size_t MaxHeapSize                              = 2147483648                                {product} {command line}
   size_t MaxNewSize                               = 715653120                                 {product} {ergonomic}
   size_t MinHeapDeltaBytes                        = 524288                                    {product} {ergonomic}
   size_t MinHeapSize                              = 104857600                                 {product} {command line}
   size_t NewSize                                  = 34603008                                  {product} {ergonomic}
    uintx NonNMethodCodeHeapSize                   = 7602480                                {pd product} {ergonomic}
    uintx NonProfiledCodeHeapSize                  = 122027880                              {pd product} {ergonomic}
   size_t OldSize                                  = 70254592                                  {product} {ergonomic}
    uintx ProfiledCodeHeapSize                     = 122027880                              {pd product} {ergonomic}
    uintx ReservedCodeCacheSize                    = 251658240                              {pd product} {ergonomic}
     bool SegmentedCodeCache                       = true                                      {product} {ergonomic}
   size_t SoftMaxHeapSize                          = 2147483648                             {manageable} {ergonomic}
     bool UseCompressedOops                        = true                           {product lp64_product} {ergonomic}
     bool UseLargePagesIndividualAllocation        = false                                  {pd product} {ergonomic}
     bool UseParallelGC                            = true                                      {product} {command line}

Logging:
Log output configuration:
 #0: stdout all=off uptime,level,tags foldmultilines=false
 #1: stderr all=off uptime,level,tags foldmultilines=false

Release file:
JAVA_VERSION="21.0.10" 
MODULES="java.base java.compiler java.datatransfer java.xml java.prefs java.desktop java.instrument java.logging java.management java.security.sasl java.naming java.rmi java.management.rmi java.net.http java.scripting java.security.jgss java.transaction.xa java.sql java.sql.rowset java.xml.crypto java.se java.smartcardio jdk.accessibility jdk.internal.jvmstat jdk.attach jdk.charsets jdk.internal.opt jdk.zipfs jdk.compiler jdk.crypto.ec jdk.crypto.cryptoki jdk.crypto.mscapi jdk.dynalink jdk.internal.ed jdk.editpad jdk.hotspot.agent jdk.httpserver jdk.internal.le jdk.internal.vm.ci jdk.internal.vm.compiler jdk.internal.vm.compiler.management jdk.jartool jdk.javadoc jdk.jcmd jdk.management jdk.management.agent jdk.jconsole jdk.jdeps jdk.jdwp.agent jdk.jdi jdk.jfr jdk.jshell jdk.jsobject jdk.jstatd jdk.localedata jdk.management.jfr jdk.naming.dns jdk.naming.rmi jdk.net jdk.nio.mapmode jdk.random jdk.sctp jdk.security.auth jdk.security.jgss jdk.unsupported jdk.unsupported.desktop jdk.xml.dom" 

Environment Variables:
JAVA_HOME=D:\JDK
PATH=D:\JDK\bin;C:\Users\11699\.trae-cn\tools\maven\latest\bin;C:\Users\11699\.trae-cn\tools\gradle\latest\bin;c:\Users\11699\.trae-cn\tools\trae-gopls\current;c:\Users\11699\.trae-cn\sdks\workspaces\782b54f3\versions\node\current;c:\Users\11699\.trae-cn\sdks\versions\node\current;C:\WINDOWS\system32;C:\WINDOWS;C:\WINDOWS\System32\Wbem;C:\WINDOWS\System32\WindowsPowerShell\v1.0\;C:\WINDOWS\System32\OpenSSH\;C:\Program Files\NVIDIA Corporation\NVIDIA App\NvDLISR;C:\Program Files (x86)\NVIDIA Corporation\PhysX\Common;C:\Program Files\dotnet\;C:\ProgramData\chocolatey\bin;C:\Program Files\Docker\Docker\resources\bin;D:\Python\Scripts;D:\Python;D:\JDK\bin;D:\nodejs;C:\Program Files\Git\cmd;C:\Users\11699\AppData\Local\Microsoft\WindowsApps;;e:\Trae CN\resources\app\bin\lib
USERNAME=11699
OS=Windows_NT
PROCESSOR_IDENTIFIER=Intel64 Family 6 Model 154 Stepping 3, GenuineIntel
TMP=C:\Users\11699\AppData\Local\Temp
TEMP=C:\Users\11699\AppData\Local\Temp




Periodic native trim disabled

---------------  S Y S T E M  ---------------

OS:
 Windows 11 , 64 bit Build 26100 (10.0.26100.8246)
OS uptime: 0 days 3:06 hours
Hyper-V role detected

CPU: total 16 (initial active 16) (8 cores per cpu, 2 threads per core) family 6 model 154 stepping 3 microcode 0x43b, cx8, cmov, fxsr, ht, mmx, 3dnowpref, sse, sse2, sse3, ssse3, sse4.1, sse4.2, popcnt, lzcnt, tsc, tscinvbit, avx, avx2, aes, erms, clmul, bmi1, bmi2, adx, sha, fma, vzeroupper, clflush, clflushopt, clwb, hv, serialize, rdtscp, rdpid, fsrm, f16c, cet_ibt, cet_ss
Processor Information for processor 0
  Max Mhz: 2500, Current Mhz: 2500, Mhz Limit: 2500
Processor Information for processor 1
  Max Mhz: 2500, Current Mhz: 2500, Mhz Limit: 2500
Processor Information for processor 2
  Max Mhz: 2500, Current Mhz: 2500, Mhz Limit: 2500
Processor Information for processor 3
  Max Mhz: 2500, Current Mhz: 2500, Mhz Limit: 2500
Processor Information for processor 4
  Max Mhz: 2500, Current Mhz: 1532, Mhz Limit: 2500
Processor Information for processor 5
  Max Mhz: 2500, Current Mhz: 2500, Mhz Limit: 2500
Processor Information for processor 6
  Max Mhz: 2500, Current Mhz: 2500, Mhz Limit: 2500
Processor Information for processor 7
  Max Mhz: 2500, Current Mhz: 2500, Mhz Limit: 2500
Processor Information for processor 8
  Max Mhz: 2500, Current Mhz: 1527, Mhz Limit: 2500
Processor Information for processor 9
  Max Mhz: 2500, Current Mhz: 1527, Mhz Limit: 2500
Processor Information for processor 10
  Max Mhz: 2500, Current Mhz: 2500, Mhz Limit: 2500
Processor Information for processor 11
  Max Mhz: 2500, Current Mhz: 2500, Mhz Limit: 2500
Processor Information for processor 12
  Max Mhz: 2500, Current Mhz: 2500, Mhz Limit: 2500
Processor Information for processor 13
  Max Mhz: 2500, Current Mhz: 1527, Mhz Limit: 2500
Processor Information for processor 14
  Max Mhz: 2500, Current Mhz: 1527, Mhz Limit: 2500
Processor Information for processor 15
  Max Mhz: 2500, Current Mhz: 2500, Mhz Limit: 2500

Memory: 4k page, system-wide physical 16068M (2104M free)
TotalPageFile size 35268M (AvailPageFile size 2M)
current process WorkingSet (physical memory assigned to process): 19M, peak: 777M
current process commit charge ("private bytes"): 974M, peak: 980M

vm_info: OpenJDK 64-Bit Server VM (21.0.10+7-LTS) for windows-amd64 JRE (21.0.10+7-LTS), built on 2026-01-20T00:00:00Z by "admin" with MS VC++ 17.12 (VS2022)

END.
