#
# There is insufficient memory for the Java Runtime Environment to continue.
# Native memory allocation (malloc) failed to allocate 683072 bytes. Error detail: Chunk::new
# Possible reasons:
#   The system is out of physical RAM or swap space
#   This process is running with CompressedOops enabled, and the Java Heap may be blocking the growth of the native heap
# Possible solutions:
#   Reduce memory load on the system
#   Increase physical memory or swap space
#   Check if swap backing store is full
#   Decrease Java heap size (-Xmx/-Xms)
#   Decrease number of Java threads
#   Decrease Java thread stack sizes (-Xss)
#   Set larger code cache with -XX:ReservedCodeCacheSize=
#
#  
#
JavaThread "C2 CompilerThread1" daemon [_thread_in_native, id=5096, stack(0x0000005c1ba00000,0x0000005c1bb00000) (1024K)]


Current CompileTask:
C2:14032 1222       4       java.io.InputStreamReader::read (11 bytes)

Stack: [0x0000005c1ba00000,0x0000005c1bb00000]
Native frames: (J=compiled Java code, j=interpreted, Vv=VM code, C=native code)
V  [jvm.dll+0x6dfe69]  (no source info available)
V  [jvm.dll+0x8bfe4b]  (no source info available)
V  [jvm.dll+0x8c23da]  (no source info available)
V  [jvm.dll+0x8c2ab3]  (no source info available)
V  [jvm.dll+0x28a9e6]  (no source info available)
V  [jvm.dll+0xc903d]  (no source info available)
V  [jvm.dll+0xc958c]  (no source info available)
V  [jvm.dll+0x3c840c]  (no source info available)
V  [jvm.dll+0x394a32]  (no source info available)
V  [jvm.dll+0x393e8a]  (no source info available)
V  [jvm.dll+0x252670]  (no source info available)
V  [jvm.dll+0x251c93]  (no source info available)
V  [jvm.dll+0x1d1adf]  (no source info available)
V  [jvm.dll+0x26195a]  (no source info available)
V  [jvm.dll+0x25fcc5]  (no source info available)
V  [jvm.dll+0x402155]  (no source info available)
V  [jvm.dll+0x86ab8d]  (no source info available)
V  [jvm.dll+0x6e141d]  (no source info available)
C  [ucrtbase.dll+0x37b0]  (no source info available)
C  [KERNEL32.DLL+0x2e8d7]  (no source info available)
C  [ntdll.dll+0x8c3fc]  (no source info available)


---------------  P R O C E S S  ---------------

Threads class SMR info:
_java_thread_list=0x0000020cee059050, length=18, elements={
0x0000020ccbf2d4f0, 0x0000020cee04a010, 0x0000020cee04ca80, 0x0000020cee051d00,
0x0000020cee052760, 0x0000020cee0535d0, 0x0000020cee056040, 0x0000020cee0579f0,
0x0000020cee0590c0, 0x0000020cee2cb9e0, 0x0000020cee2d61c0, 0x0000020cee696d50,
0x0000020cee697400, 0x0000020cf35cdcf0, 0x0000020cf31dc8e0, 0x0000020cf31ddfa0,
0x0000020cf34f2f40, 0x0000020cf36a9d90
}

Java Threads: ( => current thread )
  0x0000020ccbf2d4f0 JavaThread "main"                              [_thread_in_Java, id=4224, stack(0x0000005c1a000000,0x0000005c1a100000) (1024K)]
  0x0000020cee04a010 JavaThread "Reference Handler"          daemon [_thread_blocked, id=17544, stack(0x0000005c1ad00000,0x0000005c1ae00000) (1024K)]
  0x0000020cee04ca80 JavaThread "Finalizer"                  daemon [_thread_blocked, id=13124, stack(0x0000005c1ae00000,0x0000005c1af00000) (1024K)]
  0x0000020cee051d00 JavaThread "Signal Dispatcher"          daemon [_thread_blocked, id=11736, stack(0x0000005c1af00000,0x0000005c1b000000) (1024K)]
  0x0000020cee052760 JavaThread "Attach Listener"            daemon [_thread_blocked, id=7900, stack(0x0000005c1b000000,0x0000005c1b100000) (1024K)]
  0x0000020cee0535d0 JavaThread "Service Thread"             daemon [_thread_blocked, id=11432, stack(0x0000005c1b100000,0x0000005c1b200000) (1024K)]
  0x0000020cee056040 JavaThread "Monitor Deflation Thread"   daemon [_thread_blocked, id=20980, stack(0x0000005c1b200000,0x0000005c1b300000) (1024K)]
  0x0000020cee0579f0 JavaThread "C2 CompilerThread0"         daemon [_thread_in_native, id=26568, stack(0x0000005c1b300000,0x0000005c1b400000) (1024K)]
  0x0000020cee0590c0 JavaThread "C1 CompilerThread0"         daemon [_thread_blocked, id=32128, stack(0x0000005c1b400000,0x0000005c1b500000) (1024K)]
  0x0000020cee2cb9e0 JavaThread "Notification Thread"        daemon [_thread_blocked, id=19580, stack(0x0000005c1b800000,0x0000005c1b900000) (1024K)]
  0x0000020cee2d61c0 JavaThread "Common-Cleaner"             daemon [_thread_blocked, id=18988, stack(0x0000005c1b900000,0x0000005c1ba00000) (1024K)]
=>0x0000020cee696d50 JavaThread "C2 CompilerThread1"         daemon [_thread_in_native, id=5096, stack(0x0000005c1ba00000,0x0000005c1bb00000) (1024K)]
  0x0000020cee697400 JavaThread "C2 CompilerThread2"         daemon [_thread_blocked, id=19148, stack(0x0000005c1bb00000,0x0000005c1bc00000) (1024K)]
  0x0000020cf35cdcf0 JavaThread "C2 CompilerThread3"         daemon [_thread_in_native, id=23540, stack(0x0000005c1c300000,0x0000005c1c400000) (1024K)]
  0x0000020cf31dc8e0 JavaThread "C2 CompilerThread4"         daemon [_thread_blocked, id=15296, stack(0x0000005c1c400000,0x0000005c1c500000) (1024K)]
  0x0000020cf31ddfa0 JavaThread "C2 CompilerThread5"         daemon [_thread_blocked, id=12660, stack(0x0000005c1c500000,0x0000005c1c600000) (1024K)]
  0x0000020cf34f2f40 JavaThread "C2 CompilerThread6"         daemon [_thread_in_native, id=21380, stack(0x0000005c1c600000,0x0000005c1c700000) (1024K)]
  0x0000020cf36a9d90 JavaThread "C2 CompilerThread7"         daemon [_thread_in_native, id=32020, stack(0x0000005c1c700000,0x0000005c1c800000) (1024K)]
Total: 18

Other Threads:
  0x0000020cd616f550 VMThread "VM Thread"                           [id=25340, stack(0x0000005c1ac00000,0x0000005c1ad00000) (1024K)]
  0x0000020cee03ce20 WatcherThread "VM Periodic Task Thread"        [id=26060, stack(0x0000005c1ab00000,0x0000005c1ac00000) (1024K)]
  0x0000020cd60237f0 WorkerThread "GC Thread#0"                     [id=32088, stack(0x0000005c1a600000,0x0000005c1a700000) (1024K)]
  0x0000020cf3083d40 WorkerThread "GC Thread#1"                     [id=30488, stack(0x0000005c1bc00000,0x0000005c1bd00000) (1024K)]
  0x0000020cf3141e40 WorkerThread "GC Thread#2"                     [id=6292, stack(0x0000005c1bd00000,0x0000005c1be00000) (1024K)]
  0x0000020cf31092a0 WorkerThread "GC Thread#3"                     [id=29436, stack(0x0000005c1be00000,0x0000005c1bf00000) (1024K)]
  0x0000020cf3109a60 WorkerThread "GC Thread#4"                     [id=28784, stack(0x0000005c1bf00000,0x0000005c1c000000) (1024K)]
  0x0000020cf3046a30 WorkerThread "GC Thread#5"                     [id=19716, stack(0x0000005c1c000000,0x0000005c1c100000) (1024K)]
  0x0000020ceea1ca50 WorkerThread "GC Thread#6"                     [id=13712, stack(0x0000005c1c100000,0x0000005c1c200000) (1024K)]
  0x0000020cf31ba8c0 WorkerThread "GC Thread#7"                     [id=6480, stack(0x0000005c1c200000,0x0000005c1c300000) (1024K)]
  0x0000020ccbeeb940 ConcurrentGCThread "G1 Main Marker"            [id=32716, stack(0x0000005c1a700000,0x0000005c1a800000) (1024K)]
  0x0000020cd60350c0 WorkerThread "G1 Conc#0"                       [id=32156, stack(0x0000005c1a800000,0x0000005c1a900000) (1024K)]
  0x0000020cd610c230 ConcurrentGCThread "G1 Refine#0"               [id=31728, stack(0x0000005c1a900000,0x0000005c1aa00000) (1024K)]
  0x0000020cd610ca60 ConcurrentGCThread "G1 Service"                [id=19648, stack(0x0000005c1aa00000,0x0000005c1ab00000) (1024K)]
Total: 14

Threads with active compile tasks:
C2 CompilerThread0  19908 1237       4       sun.nio.cs.StreamDecoder::lockedRead0 (95 bytes)
C2 CompilerThread1  19909 1222       4       java.io.InputStreamReader::read (11 bytes)
C2 CompilerThread3  19909 1219       4       org.codehaus.plexus.util.xml.XmlReader::read (11 bytes)
C2 CompilerThread7  19909 1235   !   4       sun.nio.cs.StreamDecoder::read0 (59 bytes)
Total: 4

VM state: not at safepoint (normal execution)

VM Mutex/Monitor currently owned by a thread: None

Heap address: 0x0000000704e00000, size: 4018 MB, Compressed Oops mode: Zero based, Oop shift amount: 3

CDS archive(s) mapped at: [0x0000020c80000000-0x0000020c80c80000-0x0000020c80c80000), size 13107200, SharedBaseAddress: 0x0000020c80000000, ArchiveRelocationMode: 1.
Compressed class space mapped at: 0x0000020c81000000-0x0000020cc1000000, reserved size: 1073741824
Narrow klass base: 0x0000020c80000000, Narrow klass shift: 0, Narrow klass range: 0x100000000

GC Precious Log:
 CardTable entry size: 512
 Card Set container configuration: InlinePtr #cards 4 size 8 Array Of Cards #cards 16 size 48 Howl #buckets 8 coarsen threshold 3686 Howl Bitmap #cards 512 size 80 coarsen threshold 460 Card regions per heap region 1 cards per card region 4096
 CPUs: 16 total, 16 available
 Memory: 16068M
 Large Page Support: Disabled
 NUMA Support: Disabled
 Compressed Oops: Enabled (Zero based)
 Heap Region Size: 2M
 Heap Min Capacity: 8M
 Heap Initial Capacity: 252M
 Heap Max Capacity: 4018M
 Pre-touch: Disabled
 Parallel Workers: 13
 Concurrent Workers: 3
 Concurrent Refinement Workers: 13
 Periodic GC: Disabled

Heap:
 garbage-first heap   total 258048K, used 10240K [0x0000000704e00000, 0x0000000800000000)
  region size 2048K, 6 young (12288K), 2 survivors (4096K)
 Metaspace       used 5870K, committed 6080K, reserved 1114112K
  class space    used 695K, committed 768K, reserved 1048576K

Heap Regions: E=young(eden), S=young(survivor), O=old, HS=humongous(starts), HC=humongous(continues), CS=collection set, F=free, TAMS=top-at-mark-start, PB=parsable bottom
|   0|0x0000000704e00000, 0x0000000704e00000, 0x0000000705000000|  0%| F|  |TAMS 0x0000000704e00000| PB 0x0000000704e00000| Untracked 
|   1|0x0000000705000000, 0x0000000705000000, 0x0000000705200000|  0%| F|  |TAMS 0x0000000705000000| PB 0x0000000705000000| Untracked 
|   2|0x0000000705200000, 0x0000000705200000, 0x0000000705400000|  0%| F|  |TAMS 0x0000000705200000| PB 0x0000000705200000| Untracked 
|   3|0x0000000705400000, 0x0000000705400000, 0x0000000705600000|  0%| F|  |TAMS 0x0000000705400000| PB 0x0000000705400000| Untracked 
|   4|0x0000000705600000, 0x0000000705600000, 0x0000000705800000|  0%| F|  |TAMS 0x0000000705600000| PB 0x0000000705600000| Untracked 
|   5|0x0000000705800000, 0x0000000705800000, 0x0000000705a00000|  0%| F|  |TAMS 0x0000000705800000| PB 0x0000000705800000| Untracked 
|   6|0x0000000705a00000, 0x0000000705a00000, 0x0000000705c00000|  0%| F|  |TAMS 0x0000000705a00000| PB 0x0000000705a00000| Untracked 
|   7|0x0000000705c00000, 0x0000000705c00000, 0x0000000705e00000|  0%| F|  |TAMS 0x0000000705c00000| PB 0x0000000705c00000| Untracked 
|   8|0x0000000705e00000, 0x0000000705e00000, 0x0000000706000000|  0%| F|  |TAMS 0x0000000705e00000| PB 0x0000000705e00000| Untracked 
|   9|0x0000000706000000, 0x0000000706000000, 0x0000000706200000|  0%| F|  |TAMS 0x0000000706000000| PB 0x0000000706000000| Untracked 
|  10|0x0000000706200000, 0x0000000706200000, 0x0000000706400000|  0%| F|  |TAMS 0x0000000706200000| PB 0x0000000706200000| Untracked 
|  11|0x0000000706400000, 0x0000000706400000, 0x0000000706600000|  0%| F|  |TAMS 0x0000000706400000| PB 0x0000000706400000| Untracked 
|  12|0x0000000706600000, 0x0000000706600000, 0x0000000706800000|  0%| F|  |TAMS 0x0000000706600000| PB 0x0000000706600000| Untracked 
|  13|0x0000000706800000, 0x0000000706800000, 0x0000000706a00000|  0%| F|  |TAMS 0x0000000706800000| PB 0x0000000706800000| Untracked 
|  14|0x0000000706a00000, 0x0000000706a00000, 0x0000000706c00000|  0%| F|  |TAMS 0x0000000706a00000| PB 0x0000000706a00000| Untracked 
|  15|0x0000000706c00000, 0x0000000706c00000, 0x0000000706e00000|  0%| F|  |TAMS 0x0000000706c00000| PB 0x0000000706c00000| Untracked 
|  16|0x0000000706e00000, 0x0000000706e00000, 0x0000000707000000|  0%| F|  |TAMS 0x0000000706e00000| PB 0x0000000706e00000| Untracked 
|  17|0x0000000707000000, 0x0000000707000000, 0x0000000707200000|  0%| F|  |TAMS 0x0000000707000000| PB 0x0000000707000000| Untracked 
|  18|0x0000000707200000, 0x0000000707200000, 0x0000000707400000|  0%| F|  |TAMS 0x0000000707200000| PB 0x0000000707200000| Untracked 
|  19|0x0000000707400000, 0x0000000707400000, 0x0000000707600000|  0%| F|  |TAMS 0x0000000707400000| PB 0x0000000707400000| Untracked 
|  20|0x0000000707600000, 0x0000000707600000, 0x0000000707800000|  0%| F|  |TAMS 0x0000000707600000| PB 0x0000000707600000| Untracked 
|  21|0x0000000707800000, 0x0000000707800000, 0x0000000707a00000|  0%| F|  |TAMS 0x0000000707800000| PB 0x0000000707800000| Untracked 
|  22|0x0000000707a00000, 0x0000000707a00000, 0x0000000707c00000|  0%| F|  |TAMS 0x0000000707a00000| PB 0x0000000707a00000| Untracked 
|  23|0x0000000707c00000, 0x0000000707c00000, 0x0000000707e00000|  0%| F|  |TAMS 0x0000000707c00000| PB 0x0000000707c00000| Untracked 
|  24|0x0000000707e00000, 0x0000000707e00000, 0x0000000708000000|  0%| F|  |TAMS 0x0000000707e00000| PB 0x0000000707e00000| Untracked 
|  25|0x0000000708000000, 0x0000000708000000, 0x0000000708200000|  0%| F|  |TAMS 0x0000000708000000| PB 0x0000000708000000| Untracked 
|  26|0x0000000708200000, 0x0000000708200000, 0x0000000708400000|  0%| F|  |TAMS 0x0000000708200000| PB 0x0000000708200000| Untracked 
|  27|0x0000000708400000, 0x0000000708400000, 0x0000000708600000|  0%| F|  |TAMS 0x0000000708400000| PB 0x0000000708400000| Untracked 
|  28|0x0000000708600000, 0x0000000708600000, 0x0000000708800000|  0%| F|  |TAMS 0x0000000708600000| PB 0x0000000708600000| Untracked 
|  29|0x0000000708800000, 0x0000000708800000, 0x0000000708a00000|  0%| F|  |TAMS 0x0000000708800000| PB 0x0000000708800000| Untracked 
|  30|0x0000000708a00000, 0x0000000708a00000, 0x0000000708c00000|  0%| F|  |TAMS 0x0000000708a00000| PB 0x0000000708a00000| Untracked 
|  31|0x0000000708c00000, 0x0000000708c00000, 0x0000000708e00000|  0%| F|  |TAMS 0x0000000708c00000| PB 0x0000000708c00000| Untracked 
|  32|0x0000000708e00000, 0x0000000708e00000, 0x0000000709000000|  0%| F|  |TAMS 0x0000000708e00000| PB 0x0000000708e00000| Untracked 
|  33|0x0000000709000000, 0x0000000709000000, 0x0000000709200000|  0%| F|  |TAMS 0x0000000709000000| PB 0x0000000709000000| Untracked 
|  34|0x0000000709200000, 0x0000000709200000, 0x0000000709400000|  0%| F|  |TAMS 0x0000000709200000| PB 0x0000000709200000| Untracked 
|  35|0x0000000709400000, 0x0000000709400000, 0x0000000709600000|  0%| F|  |TAMS 0x0000000709400000| PB 0x0000000709400000| Untracked 
|  36|0x0000000709600000, 0x0000000709600000, 0x0000000709800000|  0%| F|  |TAMS 0x0000000709600000| PB 0x0000000709600000| Untracked 
|  37|0x0000000709800000, 0x0000000709800000, 0x0000000709a00000|  0%| F|  |TAMS 0x0000000709800000| PB 0x0000000709800000| Untracked 
|  38|0x0000000709a00000, 0x0000000709a00000, 0x0000000709c00000|  0%| F|  |TAMS 0x0000000709a00000| PB 0x0000000709a00000| Untracked 
|  39|0x0000000709c00000, 0x0000000709c00000, 0x0000000709e00000|  0%| F|  |TAMS 0x0000000709c00000| PB 0x0000000709c00000| Untracked 
|  40|0x0000000709e00000, 0x0000000709e00000, 0x000000070a000000|  0%| F|  |TAMS 0x0000000709e00000| PB 0x0000000709e00000| Untracked 
|  41|0x000000070a000000, 0x000000070a000000, 0x000000070a200000|  0%| F|  |TAMS 0x000000070a000000| PB 0x000000070a000000| Untracked 
|  42|0x000000070a200000, 0x000000070a200000, 0x000000070a400000|  0%| F|  |TAMS 0x000000070a200000| PB 0x000000070a200000| Untracked 
|  43|0x000000070a400000, 0x000000070a400000, 0x000000070a600000|  0%| F|  |TAMS 0x000000070a400000| PB 0x000000070a400000| Untracked 
|  44|0x000000070a600000, 0x000000070a600000, 0x000000070a800000|  0%| F|  |TAMS 0x000000070a600000| PB 0x000000070a600000| Untracked 
|  45|0x000000070a800000, 0x000000070a800000, 0x000000070aa00000|  0%| F|  |TAMS 0x000000070a800000| PB 0x000000070a800000| Untracked 
|  46|0x000000070aa00000, 0x000000070aa00000, 0x000000070ac00000|  0%| F|  |TAMS 0x000000070aa00000| PB 0x000000070aa00000| Untracked 
|  47|0x000000070ac00000, 0x000000070ac00000, 0x000000070ae00000|  0%| F|  |TAMS 0x000000070ac00000| PB 0x000000070ac00000| Untracked 
|  48|0x000000070ae00000, 0x000000070ae00000, 0x000000070b000000|  0%| F|  |TAMS 0x000000070ae00000| PB 0x000000070ae00000| Untracked 
|  49|0x000000070b000000, 0x000000070b000000, 0x000000070b200000|  0%| F|  |TAMS 0x000000070b000000| PB 0x000000070b000000| Untracked 
|  50|0x000000070b200000, 0x000000070b200000, 0x000000070b400000|  0%| F|  |TAMS 0x000000070b200000| PB 0x000000070b200000| Untracked 
|  51|0x000000070b400000, 0x000000070b400000, 0x000000070b600000|  0%| F|  |TAMS 0x000000070b400000| PB 0x000000070b400000| Untracked 
|  52|0x000000070b600000, 0x000000070b600000, 0x000000070b800000|  0%| F|  |TAMS 0x000000070b600000| PB 0x000000070b600000| Untracked 
|  53|0x000000070b800000, 0x000000070b800000, 0x000000070ba00000|  0%| F|  |TAMS 0x000000070b800000| PB 0x000000070b800000| Untracked 
|  54|0x000000070ba00000, 0x000000070ba00000, 0x000000070bc00000|  0%| F|  |TAMS 0x000000070ba00000| PB 0x000000070ba00000| Untracked 
|  55|0x000000070bc00000, 0x000000070bc00000, 0x000000070be00000|  0%| F|  |TAMS 0x000000070bc00000| PB 0x000000070bc00000| Untracked 
|  56|0x000000070be00000, 0x000000070be00000, 0x000000070c000000|  0%| F|  |TAMS 0x000000070be00000| PB 0x000000070be00000| Untracked 
|  57|0x000000070c000000, 0x000000070c000000, 0x000000070c200000|  0%| F|  |TAMS 0x000000070c000000| PB 0x000000070c000000| Untracked 
|  58|0x000000070c200000, 0x000000070c200000, 0x000000070c400000|  0%| F|  |TAMS 0x000000070c200000| PB 0x000000070c200000| Untracked 
|  59|0x000000070c400000, 0x000000070c400000, 0x000000070c600000|  0%| F|  |TAMS 0x000000070c400000| PB 0x000000070c400000| Untracked 
|  60|0x000000070c600000, 0x000000070c600000, 0x000000070c800000|  0%| F|  |TAMS 0x000000070c600000| PB 0x000000070c600000| Untracked 
|  61|0x000000070c800000, 0x000000070c800000, 0x000000070ca00000|  0%| F|  |TAMS 0x000000070c800000| PB 0x000000070c800000| Untracked 
|  62|0x000000070ca00000, 0x000000070ca00000, 0x000000070cc00000|  0%| F|  |TAMS 0x000000070ca00000| PB 0x000000070ca00000| Untracked 
|  63|0x000000070cc00000, 0x000000070cc00000, 0x000000070ce00000|  0%| F|  |TAMS 0x000000070cc00000| PB 0x000000070cc00000| Untracked 
|  64|0x000000070ce00000, 0x000000070ce00000, 0x000000070d000000|  0%| F|  |TAMS 0x000000070ce00000| PB 0x000000070ce00000| Untracked 
|  65|0x000000070d000000, 0x000000070d000000, 0x000000070d200000|  0%| F|  |TAMS 0x000000070d000000| PB 0x000000070d000000| Untracked 
|  66|0x000000070d200000, 0x000000070d200000, 0x000000070d400000|  0%| F|  |TAMS 0x000000070d200000| PB 0x000000070d200000| Untracked 
|  67|0x000000070d400000, 0x000000070d400000, 0x000000070d600000|  0%| F|  |TAMS 0x000000070d400000| PB 0x000000070d400000| Untracked 
|  68|0x000000070d600000, 0x000000070d600000, 0x000000070d800000|  0%| F|  |TAMS 0x000000070d600000| PB 0x000000070d600000| Untracked 
|  69|0x000000070d800000, 0x000000070d800000, 0x000000070da00000|  0%| F|  |TAMS 0x000000070d800000| PB 0x000000070d800000| Untracked 
|  70|0x000000070da00000, 0x000000070da00000, 0x000000070dc00000|  0%| F|  |TAMS 0x000000070da00000| PB 0x000000070da00000| Untracked 
|  71|0x000000070dc00000, 0x000000070dc00000, 0x000000070de00000|  0%| F|  |TAMS 0x000000070dc00000| PB 0x000000070dc00000| Untracked 
|  72|0x000000070de00000, 0x000000070de00000, 0x000000070e000000|  0%| F|  |TAMS 0x000000070de00000| PB 0x000000070de00000| Untracked 
|  73|0x000000070e000000, 0x000000070e000000, 0x000000070e200000|  0%| F|  |TAMS 0x000000070e000000| PB 0x000000070e000000| Untracked 
|  74|0x000000070e200000, 0x000000070e200000, 0x000000070e400000|  0%| F|  |TAMS 0x000000070e200000| PB 0x000000070e200000| Untracked 
|  75|0x000000070e400000, 0x000000070e400000, 0x000000070e600000|  0%| F|  |TAMS 0x000000070e400000| PB 0x000000070e400000| Untracked 
|  76|0x000000070e600000, 0x000000070e600000, 0x000000070e800000|  0%| F|  |TAMS 0x000000070e600000| PB 0x000000070e600000| Untracked 
|  77|0x000000070e800000, 0x000000070e800000, 0x000000070ea00000|  0%| F|  |TAMS 0x000000070e800000| PB 0x000000070e800000| Untracked 
|  78|0x000000070ea00000, 0x000000070ea00000, 0x000000070ec00000|  0%| F|  |TAMS 0x000000070ea00000| PB 0x000000070ea00000| Untracked 
|  79|0x000000070ec00000, 0x000000070ec00000, 0x000000070ee00000|  0%| F|  |TAMS 0x000000070ec00000| PB 0x000000070ec00000| Untracked 
|  80|0x000000070ee00000, 0x000000070ee00000, 0x000000070f000000|  0%| F|  |TAMS 0x000000070ee00000| PB 0x000000070ee00000| Untracked 
|  81|0x000000070f000000, 0x000000070f000000, 0x000000070f200000|  0%| F|  |TAMS 0x000000070f000000| PB 0x000000070f000000| Untracked 
|  82|0x000000070f200000, 0x000000070f200000, 0x000000070f400000|  0%| F|  |TAMS 0x000000070f200000| PB 0x000000070f200000| Untracked 
|  83|0x000000070f400000, 0x000000070f400000, 0x000000070f600000|  0%| F|  |TAMS 0x000000070f400000| PB 0x000000070f400000| Untracked 
|  84|0x000000070f600000, 0x000000070f600000, 0x000000070f800000|  0%| F|  |TAMS 0x000000070f600000| PB 0x000000070f600000| Untracked 
|  85|0x000000070f800000, 0x000000070f800000, 0x000000070fa00000|  0%| F|  |TAMS 0x000000070f800000| PB 0x000000070f800000| Untracked 
|  86|0x000000070fa00000, 0x000000070fa00000, 0x000000070fc00000|  0%| F|  |TAMS 0x000000070fa00000| PB 0x000000070fa00000| Untracked 
|  87|0x000000070fc00000, 0x000000070fc00000, 0x000000070fe00000|  0%| F|  |TAMS 0x000000070fc00000| PB 0x000000070fc00000| Untracked 
|  88|0x000000070fe00000, 0x000000070fe00000, 0x0000000710000000|  0%| F|  |TAMS 0x000000070fe00000| PB 0x000000070fe00000| Untracked 
|  89|0x0000000710000000, 0x0000000710000000, 0x0000000710200000|  0%| F|  |TAMS 0x0000000710000000| PB 0x0000000710000000| Untracked 
|  90|0x0000000710200000, 0x0000000710200000, 0x0000000710400000|  0%| F|  |TAMS 0x0000000710200000| PB 0x0000000710200000| Untracked 
|  91|0x0000000710400000, 0x0000000710400000, 0x0000000710600000|  0%| F|  |TAMS 0x0000000710400000| PB 0x0000000710400000| Untracked 
|  92|0x0000000710600000, 0x0000000710600000, 0x0000000710800000|  0%| F|  |TAMS 0x0000000710600000| PB 0x0000000710600000| Untracked 
|  93|0x0000000710800000, 0x0000000710800000, 0x0000000710a00000|  0%| F|  |TAMS 0x0000000710800000| PB 0x0000000710800000| Untracked 
|  94|0x0000000710a00000, 0x0000000710a00000, 0x0000000710c00000|  0%| F|  |TAMS 0x0000000710a00000| PB 0x0000000710a00000| Untracked 
|  95|0x0000000710c00000, 0x0000000710c00000, 0x0000000710e00000|  0%| F|  |TAMS 0x0000000710c00000| PB 0x0000000710c00000| Untracked 
|  96|0x0000000710e00000, 0x0000000710e00000, 0x0000000711000000|  0%| F|  |TAMS 0x0000000710e00000| PB 0x0000000710e00000| Untracked 
|  97|0x0000000711000000, 0x0000000711000000, 0x0000000711200000|  0%| F|  |TAMS 0x0000000711000000| PB 0x0000000711000000| Untracked 
|  98|0x0000000711200000, 0x0000000711200000, 0x0000000711400000|  0%| F|  |TAMS 0x0000000711200000| PB 0x0000000711200000| Untracked 
|  99|0x0000000711400000, 0x0000000711400000, 0x0000000711600000|  0%| F|  |TAMS 0x0000000711400000| PB 0x0000000711400000| Untracked 
| 100|0x0000000711600000, 0x0000000711600000, 0x0000000711800000|  0%| F|  |TAMS 0x0000000711600000| PB 0x0000000711600000| Untracked 
| 101|0x0000000711800000, 0x0000000711800000, 0x0000000711a00000|  0%| F|  |TAMS 0x0000000711800000| PB 0x0000000711800000| Untracked 
| 102|0x0000000711a00000, 0x0000000711a00000, 0x0000000711c00000|  0%| F|  |TAMS 0x0000000711a00000| PB 0x0000000711a00000| Untracked 
| 103|0x0000000711c00000, 0x0000000711c00000, 0x0000000711e00000|  0%| F|  |TAMS 0x0000000711c00000| PB 0x0000000711c00000| Untracked 
| 104|0x0000000711e00000, 0x0000000711e00000, 0x0000000712000000|  0%| F|  |TAMS 0x0000000711e00000| PB 0x0000000711e00000| Untracked 
| 105|0x0000000712000000, 0x0000000712000000, 0x0000000712200000|  0%| F|  |TAMS 0x0000000712000000| PB 0x0000000712000000| Untracked 
| 106|0x0000000712200000, 0x0000000712200000, 0x0000000712400000|  0%| F|  |TAMS 0x0000000712200000| PB 0x0000000712200000| Untracked 
| 107|0x0000000712400000, 0x0000000712400000, 0x0000000712600000|  0%| F|  |TAMS 0x0000000712400000| PB 0x0000000712400000| Untracked 
| 108|0x0000000712600000, 0x0000000712600000, 0x0000000712800000|  0%| F|  |TAMS 0x0000000712600000| PB 0x0000000712600000| Untracked 
| 109|0x0000000712800000, 0x0000000712800000, 0x0000000712a00000|  0%| F|  |TAMS 0x0000000712800000| PB 0x0000000712800000| Untracked 
| 110|0x0000000712a00000, 0x0000000712a00000, 0x0000000712c00000|  0%| F|  |TAMS 0x0000000712a00000| PB 0x0000000712a00000| Untracked 
| 111|0x0000000712c00000, 0x0000000712c00000, 0x0000000712e00000|  0%| F|  |TAMS 0x0000000712c00000| PB 0x0000000712c00000| Untracked 
| 112|0x0000000712e00000, 0x0000000712e00000, 0x0000000713000000|  0%| F|  |TAMS 0x0000000712e00000| PB 0x0000000712e00000| Untracked 
| 113|0x0000000713000000, 0x0000000713200000, 0x0000000713200000|100%| S|CS|TAMS 0x0000000713000000| PB 0x0000000713000000| Complete 
| 114|0x0000000713200000, 0x0000000713400000, 0x0000000713400000|100%| S|CS|TAMS 0x0000000713200000| PB 0x0000000713200000| Complete 
| 115|0x0000000713400000, 0x0000000713400000, 0x0000000713600000|  0%| F|  |TAMS 0x0000000713400000| PB 0x0000000713400000| Untracked 
| 116|0x0000000713600000, 0x0000000713600000, 0x0000000713800000|  0%| F|  |TAMS 0x0000000713600000| PB 0x0000000713600000| Untracked 
| 117|0x0000000713800000, 0x0000000713800000, 0x0000000713a00000|  0%| F|  |TAMS 0x0000000713800000| PB 0x0000000713800000| Untracked 
| 118|0x0000000713a00000, 0x0000000713a00000, 0x0000000713c00000|  0%| F|  |TAMS 0x0000000713a00000| PB 0x0000000713a00000| Untracked 
| 119|0x0000000713c00000, 0x0000000713c00000, 0x0000000713e00000|  0%| F|  |TAMS 0x0000000713c00000| PB 0x0000000713c00000| Untracked 
| 120|0x0000000713e00000, 0x0000000713e00000, 0x0000000714000000|  0%| F|  |TAMS 0x0000000713e00000| PB 0x0000000713e00000| Untracked 
| 121|0x0000000714000000, 0x0000000714000000, 0x0000000714200000|  0%| F|  |TAMS 0x0000000714000000| PB 0x0000000714000000| Untracked 
| 122|0x0000000714200000, 0x0000000714356a78, 0x0000000714400000| 66%| E|  |TAMS 0x0000000714200000| PB 0x0000000714200000| Complete 
| 123|0x0000000714400000, 0x0000000714600000, 0x0000000714600000|100%| E|CS|TAMS 0x0000000714400000| PB 0x0000000714400000| Complete 
| 124|0x0000000714600000, 0x0000000714800000, 0x0000000714800000|100%| E|CS|TAMS 0x0000000714600000| PB 0x0000000714600000| Complete 
| 125|0x0000000714800000, 0x0000000714a00000, 0x0000000714a00000|100%| E|CS|TAMS 0x0000000714800000| PB 0x0000000714800000| Complete 

Card table byte_map: [0x0000020ce69e0000,0x0000020ce71c0000] _byte_map_base: 0x0000020ce31b9000

Marking Bits: (CMBitMap*) 0x0000020cd6023bb0
 Bits: [0x0000020ce71c0000, 0x0000020ceb088000)

Polling page: 0x0000020ccbbb0000

Metaspace:

Usage:
  Non-class:      5.07 MB used.
      Class:    696.55 KB used.
       Both:      5.75 MB used.

Virtual space:
  Non-class space:       64.00 MB reserved,       5.19 MB (  8%) committed,  1 nodes.
      Class space:        1.00 GB reserved,     768.00 KB ( <1%) committed,  1 nodes.
             Both:        1.06 GB reserved,       5.94 MB ( <1%) committed. 

Chunk freelists:
   Non-Class:  9.05 MB
       Class:  15.25 MB
        Both:  24.30 MB

MaxMetaspaceSize: unlimited
CompressedClassSpaceSize: 1.00 GB
Initial GC threshold: 21.00 MB
Current GC threshold: 21.00 MB
CDS: on
 - commit_granule_bytes: 65536.
 - commit_granule_words: 8192.
 - virtual_space_node_default_size: 8388608.
 - enlarge_chunks_in_place: 1.
 - use_allocation_guard: 0.


Internal statistics:

num_allocs_failed_limit: 0.
num_arena_births: 58.
num_arena_deaths: 0.
num_vsnodes_births: 2.
num_vsnodes_deaths: 0.
num_space_committed: 95.
num_space_uncommitted: 0.
num_chunks_returned_to_freelist: 0.
num_chunks_taken_from_freelist: 227.
num_chunk_merges: 0.
num_chunk_splits: 147.
num_chunks_enlarged: 119.
num_inconsistent_stats: 0.

CodeHeap 'non-profiled nmethods': size=119168Kb used=527Kb max_used=527Kb free=118640Kb
 bounds [0x0000020cdddd0000, 0x0000020cde040000, 0x0000020ce5230000]
CodeHeap 'profiled nmethods': size=119104Kb used=2455Kb max_used=2455Kb free=116648Kb
 bounds [0x0000020cd6230000, 0x0000020cd64a0000, 0x0000020cdd680000]
CodeHeap 'non-nmethods': size=7488Kb used=1293Kb max_used=3004Kb free=6194Kb
 bounds [0x0000020cdd680000, 0x0000020cdd980000, 0x0000020cdddd0000]
CodeCache: size=245760Kb, used=4275Kb, max_used=5986Kb, free=241482Kb
 total_blobs=1741, nmethods=1280, adapters=366, full_count=0
Compilation: enabled, stopped_count=0, restarted_count=0

Compilation events (20 events):
Event: 1.925 Thread 0x0000020cf36a9d90 nmethod 1248 0x0000020cdde2ed90 code [0x0000020cdde2ef60, 0x0000020cdde2f3d0]
Event: 1.926 Thread 0x0000020cf36a9d90 1262       4       org.codehaus.plexus.util.xml.pull.MXParser::nextImpl (1208 bytes)
Event: 1.930 Thread 0x0000020cf31dc8e0 nmethod 1236 0x0000020cdde2f790 code [0x0000020cdde2fa60, 0x0000020cdde303f0]
Event: 1.932 Thread 0x0000020cf31dc8e0 1247       4       java.nio.ByteBuffer::position (6 bytes)
Event: 1.936 Thread 0x0000020cf31dc8e0 nmethod 1247 0x0000020cdde30d90 code [0x0000020cdde30f20, 0x0000020cdde31040]
Event: 1.936 Thread 0x0000020cf31dc8e0 1249       4       java.lang.System$2::decodeASCII (11 bytes)
Event: 1.940 Thread 0x0000020cf31dc8e0 nmethod 1249 0x0000020cdde31190 code [0x0000020cdde31320, 0x0000020cdde31638]
Event: 1.941 Thread 0x0000020cf31dc8e0 1250       4       java.lang.String::decodeASCII (46 bytes)
Event: 1.943 Thread 0x0000020cee0d11e0 1264       3       java.util.Collections::emptyMap (4 bytes)
Event: 1.943 Thread 0x0000020cee0d11e0 nmethod 1264 0x0000020cd6489c10 code [0x0000020cd6489da0, 0x0000020cd6489e98]
Event: 1.946 Thread 0x0000020cf31dc8e0 nmethod 1250 0x0000020cdde31790 code [0x0000020cdde31920, 0x0000020cdde31c08]
Event: 1.947 Thread 0x0000020cee16a770 1265 %     3       org.codehaus.plexus.util.InterpolationFilterReader::read @ 3 (48 bytes)
Event: 1.948 Thread 0x0000020cf31dc8e0 1251       4       java.nio.CharBuffer::<init> (24 bytes)
Event: 1.948 Thread 0x0000020cee16a770 nmethod 1265% 0x0000020cd6489f10 code [0x0000020cd648a0e0, 0x0000020cd648a4d0]
Event: 1.950 Thread 0x0000020cee0590c0 1266       3       org.codehaus.plexus.util.xml.pull.MXParser::require (468 bytes)
Event: 1.956 Thread 0x0000020cee0590c0 nmethod 1266 0x0000020cd648a690 code [0x0000020cd648aee0, 0x0000020cd648e610]
Event: 1.961 Thread 0x0000020cd6160f50 1267       3       org.codehaus.plexus.util.InterpolationFilterReader::read (48 bytes)
Event: 1.962 Thread 0x0000020cd6160f50 nmethod 1267 0x0000020cd648fa10 code [0x0000020cd648fbe0, 0x0000020cd648fee8]
Event: 6.985 Thread 0x0000020cf31dc8e0 nmethod 1251 0x0000020cdde31d10 code [0x0000020cdde31ec0, 0x0000020cdde32300]
Event: 6.986 Thread 0x0000020cf31dc8e0 1254       4       sun.nio.cs.UTF_8$Decoder::decodeArrayLoop (688 bytes)

GC Heap History (2 events):
Event: 0.881 GC heap before
{Heap before GC invocations=0 (full 0):
 garbage-first heap   total 258048K, used 22528K [0x0000000704e00000, 0x0000000800000000)
  region size 2048K, 11 young (22528K), 0 survivors (0K)
 Metaspace       used 5594K, committed 5760K, reserved 1114112K
  class space    used 648K, committed 768K, reserved 1048576K
}
Event: 0.884 GC heap after
{Heap after GC invocations=1 (full 0):
 garbage-first heap   total 258048K, used 4096K [0x0000000704e00000, 0x0000000800000000)
  region size 2048K, 2 young (4096K), 2 survivors (4096K)
 Metaspace       used 5594K, committed 5760K, reserved 1114112K
  class space    used 648K, committed 768K, reserved 1048576K
}

Dll operation events (8 events):
Event: 0.086 Loaded shared library D:\JDK\bin\java.dll
Event: 0.110 Loaded shared library D:\JDK\bin\jsvml.dll
Event: 0.182 Loaded shared library D:\JDK\bin\net.dll
Event: 0.241 Loaded shared library D:\JDK\bin\nio.dll
Event: 0.293 Loaded shared library D:\JDK\bin\zip.dll
Event: 0.436 Loaded shared library D:\JDK\bin\jimage.dll
Event: 0.438 Loaded shared library C:\Users\11699\.m2\wrapper\dists\apache-maven-3.9.14\ed7edd442f634ac1c1ef5ba2b61b6d690b5221091f1a8e1123f5fadcc967520d\lib\jansi-native\Windows\x86_64\jansi.dll
Event: 0.526 Loaded shared library D:\JDK\bin\verify.dll

Deoptimization events (20 events):
Event: 0.868 Thread 0x0000020ccbf2d4f0 Uncommon trap: trap_request=0xffffff6e fr.pc=0x0000020cdde048b4 relative=0x0000000000000474
Event: 0.868 Thread 0x0000020ccbf2d4f0 Uncommon trap: reason=loop_limit_check action=maybe_recompile pc=0x0000020cdde048b4 method=java.lang.StringLatin1.indexOf([BI[BII)I @ 37 c2
Event: 0.868 Thread 0x0000020ccbf2d4f0 DEOPT PACKING pc=0x0000020cdde048b4 sp=0x0000005c1a0fdcf0
Event: 0.868 Thread 0x0000020ccbf2d4f0 DEOPT UNPACKING pc=0x0000020cdd6d4422 sp=0x0000005c1a0fdc50 mode 2
Event: 0.870 Thread 0x0000020ccbf2d4f0 Uncommon trap: trap_request=0xffffffde fr.pc=0x0000020cdde10904 relative=0x00000000000006c4
Event: 0.870 Thread 0x0000020ccbf2d4f0 Uncommon trap: reason=class_check action=maybe_recompile pc=0x0000020cdde10904 method=java.util.regex.Matcher.search(I)Z @ 121 c2
Event: 0.870 Thread 0x0000020ccbf2d4f0 DEOPT PACKING pc=0x0000020cdde10904 sp=0x0000005c1a0fdfc0
Event: 0.870 Thread 0x0000020ccbf2d4f0 DEOPT UNPACKING pc=0x0000020cdd6d4422 sp=0x0000005c1a0fdf90 mode 2
Event: 0.870 Thread 0x0000020ccbf2d4f0 Uncommon trap: trap_request=0xffffff76 fr.pc=0x0000020cdde0c400 relative=0x0000000000000320
Event: 0.870 Thread 0x0000020ccbf2d4f0 Uncommon trap: reason=predicate action=maybe_recompile pc=0x0000020cdde0c400 method=java.util.regex.Pattern$BmpCharPropertyGreedy.match(Ljava/util/regex/Matcher;ILjava/lang/CharSequence;)Z @ 12 c2
Event: 0.870 Thread 0x0000020ccbf2d4f0 DEOPT PACKING pc=0x0000020cdde0c400 sp=0x0000005c1a0fdd90
Event: 0.870 Thread 0x0000020ccbf2d4f0 DEOPT UNPACKING pc=0x0000020cdd6d4422 sp=0x0000005c1a0fdd48 mode 2
Event: 0.885 Thread 0x0000020cee04a010 Uncommon trap: trap_request=0xffffff45 fr.pc=0x0000020cdde2c6e0 relative=0x0000000000000040
Event: 0.885 Thread 0x0000020cee04a010 Uncommon trap: reason=unstable_if action=reinterpret pc=0x0000020cdde2c6e0 method=java.util.concurrent.locks.AbstractQueuedSynchronizer.signalNext(Ljava/util/concurrent/locks/AbstractQueuedSynchronizer$Node;)V @ 1 c2
Event: 0.885 Thread 0x0000020cee04a010 DEOPT PACKING pc=0x0000020cdde2c6e0 sp=0x0000005c1adff530
Event: 0.885 Thread 0x0000020cee04a010 DEOPT UNPACKING pc=0x0000020cdd6d4422 sp=0x0000005c1adff4c0 mode 2
Event: 1.911 Thread 0x0000020ccbf2d4f0 Uncommon trap: trap_request=0xffffffde fr.pc=0x0000020cdde10904 relative=0x00000000000006c4
Event: 1.912 Thread 0x0000020ccbf2d4f0 Uncommon trap: reason=class_check action=maybe_recompile pc=0x0000020cdde10904 method=java.util.regex.Matcher.search(I)Z @ 121 c2
Event: 1.912 Thread 0x0000020ccbf2d4f0 DEOPT PACKING pc=0x0000020cdde10904 sp=0x0000005c1a0fdfc0
Event: 1.912 Thread 0x0000020ccbf2d4f0 DEOPT UNPACKING pc=0x0000020cdd6d4422 sp=0x0000005c1a0fdf90 mode 2

Classes loaded (20 events):
Event: 0.832 Loading class java/lang/annotation/Target
Event: 0.832 Loading class java/lang/annotation/Target done
Event: 0.832 Loading class java/lang/annotation/ElementType
Event: 0.832 Loading class java/lang/annotation/ElementType done
Event: 0.832 Loading class java/lang/annotation/Documented
Event: 0.832 Loading class java/lang/annotation/Documented done
Event: 0.844 Loading class java/util/concurrent/TimeoutException
Event: 0.844 Loading class java/util/concurrent/TimeoutException done
Event: 0.844 Loading class java/util/concurrent/CancellationException
Event: 0.844 Loading class java/util/concurrent/CancellationException done
Event: 0.849 Loading class java/lang/reflect/ParameterizedType
Event: 0.849 Loading class java/lang/reflect/ParameterizedType done
Event: 0.851 Loading class java/lang/reflect/WildcardType
Event: 0.851 Loading class java/lang/reflect/WildcardType done
Event: 0.854 Loading class sun/reflect/generics/tree/TypeVariableSignature
Event: 0.854 Loading class sun/reflect/generics/tree/TypeVariableSignature done
Event: 0.866 Loading class java/lang/annotation/IncompleteAnnotationException
Event: 0.866 Loading class java/lang/annotation/IncompleteAnnotationException done
Event: 1.904 Loading class java/lang/foreign/MemorySegment
Event: 1.904 Loading class java/lang/foreign/MemorySegment done

Classes unloaded (0 events):
No events

Classes redefined (0 events):
No events

Internal exceptions (20 events):
Event: 0.439 Thread 0x0000020ccbf2d4f0 Exception <a 'java/lang/NullPointerException'{0x000000071435ee28}> (0x000000071435ee28) 
thrown [s\src\hotspot\share\interpreter\linkResolver.cpp, line 1372]
Event: 0.439 Thread 0x0000020ccbf2d4f0 Exception <a 'java/lang/NullPointerException'{0x000000071435f108}> (0x000000071435f108) 
thrown [s\src\hotspot\share\interpreter\linkResolver.cpp, line 1372]
Event: 0.441 Thread 0x0000020ccbf2d4f0 Exception <a 'java/lang/NullPointerException'{0x00000007143655d0}> (0x00000007143655d0) 
thrown [s\src\hotspot\share\interpreter\linkResolver.cpp, line 1372]
Event: 0.442 Thread 0x0000020ccbf2d4f0 Exception <a 'java/lang/NullPointerException'{0x000000071437a130}> (0x000000071437a130) 
thrown [s\src\hotspot\share\interpreter\linkResolver.cpp, line 1372]
Event: 0.442 Thread 0x0000020ccbf2d4f0 Exception <a 'java/lang/NullPointerException'{0x000000071437a410}> (0x000000071437a410) 
thrown [s\src\hotspot\share\interpreter\linkResolver.cpp, line 1372]
Event: 0.442 Thread 0x0000020ccbf2d4f0 Exception <a 'java/lang/NullPointerException'{0x000000071437a6f0}> (0x000000071437a6f0) 
thrown [s\src\hotspot\share\interpreter\linkResolver.cpp, line 1372]
Event: 0.442 Thread 0x0000020ccbf2d4f0 Exception <a 'java/lang/NullPointerException'{0x000000071437a9d0}> (0x000000071437a9d0) 
thrown [s\src\hotspot\share\interpreter\linkResolver.cpp, line 1372]
Event: 0.534 Thread 0x0000020ccbf2d4f0 Exception <a 'java/lang/NoSuchMethodError'{0x00000007143eb3e8}: 'void java.lang.invoke.DirectMethodHandle$Holder.invokeVirtual(java.lang.Object, java.lang.Object)'> (0x00000007143eb3e8) 
thrown [s\src\hotspot\share\interpreter\linkResolver.cpp, line 773]
Event: 0.536 Thread 0x0000020ccbf2d4f0 Exception <a 'java/lang/NoSuchMethodError'{0x0000000714007e40}: 'void java.lang.invoke.DirectMethodHandle$Holder.invokeStatic(java.lang.Object, java.lang.Object)'> (0x0000000714007e40) 
thrown [s\src\hotspot\share\interpreter\linkResolver.cpp, line 773]
Event: 0.537 Thread 0x0000020ccbf2d4f0 Exception <a 'java/lang/NoSuchMethodError'{0x000000071400af38}: 'void java.lang.invoke.DirectMethodHandle$Holder.invokeStaticInit(java.lang.Object, java.lang.Object)'> (0x000000071400af38) 
thrown [s\src\hotspot\share\interpreter\linkResolver.cpp, line 773]
Event: 0.548 Thread 0x0000020ccbf2d4f0 Exception <a 'java/lang/NoSuchMethodError'{0x0000000714059788}: 'void java.lang.invoke.DirectMethodHandle$Holder.invokeStatic(java.lang.Object, java.lang.Object, java.lang.Object)'> (0x0000000714059788) 
thrown [s\src\hotspot\share\interpreter\linkResolver.cpp, line 773]
Event: 0.593 Thread 0x0000020ccbf2d4f0 Exception <a 'java/lang/NoSuchMethodError'{0x00000007141e8a50}: 'java.lang.Object java.lang.invoke.DirectMethodHandle$Holder.invokeSpecialIFC(java.lang.Object, java.lang.Object, java.lang.Object, java.lang.Object)'> (0x00000007141e8a50) 
thrown [s\src\hotspot\share\interpreter\linkResolver.cpp, line 773]
Event: 0.750 Thread 0x0000020ccbf2d4f0 Exception <a 'java/lang/NoSuchMethodError'{0x0000000713be4710}: 'void java.lang.invoke.DirectMethodHandle$Holder.invokeSpecial(java.lang.Object, java.lang.Object, java.lang.Object)'> (0x0000000713be4710) 
thrown [s\src\hotspot\share\interpreter\linkResolver.cpp, line 773]
Event: 0.778 Thread 0x0000020ccbf2d4f0 Exception <a 'java/lang/NoSuchMethodError'{0x000000071394de20}: 'java.lang.Object java.lang.invoke.DirectMethodHandle$Holder.invokeInterface(java.lang.Object, java.lang.Object)'> (0x000000071394de20) 
thrown [s\src\hotspot\share\interpreter\linkResolver.cpp, line 773]
Event: 0.790 Thread 0x0000020ccbf2d4f0 Exception <a 'java/lang/NoSuchMethodError'{0x00000007139f7390}: 'int java.lang.invoke.DirectMethodHandle$Holder.invokeStatic(java.lang.Object, java.lang.Object, java.lang.Object, java.lang.Object)'> (0x00000007139f7390) 
thrown [s\src\hotspot\share\interpreter\linkResolver.cpp, line 773]
Event: 0.791 Thread 0x0000020ccbf2d4f0 Exception <a 'java/lang/NoSuchMethodError'{0x00000007139fb088}: 'java.lang.Object java.lang.invoke.Invokers$Holder.invokeExact_MT(java.lang.Object, java.lang.Object, java.lang.Object, java.lang.Object, java.lang.Object, java.lang.Object)'> (0x00000007139fb088) 
thrown [s\src\hotspot\share\interpreter\linkResolver.cpp, line 773]
Event: 0.793 Thread 0x0000020ccbf2d4f0 Exception <a 'java/lang/NoSuchMethodError'{0x0000000713609c98}: 'int java.lang.invoke.DirectMethodHandle$Holder.invokeSpecialIFC(java.lang.Object, java.lang.Object, java.lang.Object, java.lang.Object, java.lang.Object)'> (0x0000000713609c98) 
thrown [s\src\hotspot\share\interpreter\linkResolver.cpp, line 773]
Event: 0.833 Thread 0x0000020ccbf2d4f0 Exception <a 'java/lang/NoSuchMethodError'{0x00000007137bb600}: 'java.lang.Object java.lang.invoke.DirectMethodHandle$Holder.newInvokeSpecial(java.lang.Object, java.lang.Object, java.lang.Object, java.lang.Object, java.lang.Object)'> (0x00000007137bb600) 
thrown [s\src\hotspot\share\interpreter\linkResolver.cpp, line 773]
Event: 0.859 Thread 0x0000020ccbf2d4f0 Exception <a 'java/lang/NoSuchMethodError'{0x00000007134e3110}: 'int java.lang.invoke.DirectMethodHandle$Holder.invokeStaticInit(java.lang.Object, java.lang.Object)'> (0x00000007134e3110) 
thrown [s\src\hotspot\share\interpreter\linkResolver.cpp, line 773]
Event: 0.866 Thread 0x0000020ccbf2d4f0 Exception <a 'java/lang/NoClassDefFoundError'{0x000000071351c7a8}: javax/enterprise/inject/Typed> (0x000000071351c7a8) 
thrown [s\src\hotspot\share\classfile\systemDictionary.cpp, line 301]

ZGC Phase Switch (0 events):
No events

VM Operations (14 events):
Event: 0.294 Executing non-safepoint VM operation: HandshakeAllThreads (Deoptimize)
Event: 0.294 Executing non-safepoint VM operation: HandshakeAllThreads (Deoptimize) done
Event: 0.431 Executing non-safepoint VM operation: HandshakeAllThreads (Deoptimize)
Event: 0.431 Executing non-safepoint VM operation: HandshakeAllThreads (Deoptimize) done
Event: 0.438 Executing non-safepoint VM operation: HandshakeAllThreads (Deoptimize)
Event: 0.439 Executing non-safepoint VM operation: HandshakeAllThreads (Deoptimize) done
Event: 0.872 Executing safepoint VM operation: ICBufferFull
Event: 0.872 Executing safepoint VM operation: ICBufferFull done
Event: 0.881 Executing safepoint VM operation: G1CollectForAllocation (G1 Evacuation Pause)
Event: 0.884 Executing safepoint VM operation: G1CollectForAllocation (G1 Evacuation Pause) done
Event: 1.895 Executing safepoint VM operation: Cleanup
Event: 1.895 Executing safepoint VM operation: Cleanup done
Event: 2.907 Executing safepoint VM operation: Cleanup
Event: 2.907 Executing safepoint VM operation: Cleanup done

Memory protections (0 events):
No events

Nmethod flushes (0 events):
No events

Events (20 events):
Event: 0.108 Thread 0x0000020ccbf2d4f0 Thread added: 0x0000020cee0579f0
Event: 0.108 Thread 0x0000020ccbf2d4f0 Thread added: 0x0000020cee0590c0
Event: 0.109 Thread 0x0000020cee0590c0 Thread added: 0x0000020cee0d11e0
Event: 0.112 Thread 0x0000020cee0590c0 Thread added: 0x0000020cd6160f50
Event: 0.115 Thread 0x0000020cee0d11e0 Thread added: 0x0000020cee16a770
Event: 0.119 Thread 0x0000020ccbf2d4f0 Thread added: 0x0000020cee2cb9e0
Event: 0.121 Thread 0x0000020ccbf2d4f0 Thread added: 0x0000020cee2d61c0
Event: 0.318 Thread 0x0000020cee0590c0 Thread added: 0x0000020cee305da0
Event: 0.434 Thread 0x0000020ccbf2d4f0 Thread added: 0x0000020cee6f0c00
Event: 0.472 Thread 0x0000020cee6f0c00 Thread exited: 0x0000020cee6f0c00
Event: 0.536 Thread 0x0000020cee305da0 Thread exited: 0x0000020cee305da0
Event: 0.608 Thread 0x0000020cee16a770 Thread added: 0x0000020cee696d50
Event: 0.608 Thread 0x0000020cee16a770 Thread added: 0x0000020cee697400
Event: 1.901 Thread 0x0000020cee0590c0 Thread added: 0x0000020cf35cdcf0
Event: 1.901 Thread 0x0000020cee0590c0 Thread added: 0x0000020cf31dc8e0
Event: 1.908 Thread 0x0000020cee0590c0 Thread added: 0x0000020cf31ddfa0
Event: 1.908 Thread 0x0000020cee0590c0 Thread added: 0x0000020cf34f2f40
Event: 1.909 Thread 0x0000020cee0590c0 Thread added: 0x0000020cf36a9d90
Event: 6.981 Thread 0x0000020cee16a770 Thread exited: 0x0000020cee16a770
Event: 11.979 Thread 0x0000020cd6160f50 Thread exited: 0x0000020cd6160f50


Dynamic libraries:
0x00007ff78d460000 - 0x00007ff78d46e000 	D:\JDK\bin\java.exe
0x00007ff8a4ae0000 - 0x00007ff8a4d47000 	C:\WINDOWS\SYSTEM32\ntdll.dll
0x00007ff8a39b0000 - 0x00007ff8a3a79000 	C:\WINDOWS\System32\KERNEL32.DLL
0x00007ff8a15b0000 - 0x00007ff8a19a4000 	C:\WINDOWS\System32\KERNELBASE.dll
0x00007ff85f8f0000 - 0x00007ff85f99f000 	e:\Trae CN\resources\app\modules\sandbox\x64\trae_sbox.dll
0x00007ff8a2c80000 - 0x00007ff8a2d36000 	C:\WINDOWS\System32\ADVAPI32.dll
0x00007ff8a3a80000 - 0x00007ff8a3b29000 	C:\WINDOWS\System32\msvcrt.dll
0x00007ff8a2bd0000 - 0x00007ff8a2c77000 	C:\WINDOWS\System32\sechost.dll
0x00007ff8a2870000 - 0x00007ff8a2988000 	C:\WINDOWS\System32\RPCRT4.dll
0x00007ff8a13b0000 - 0x00007ff8a14fb000 	C:\WINDOWS\System32\ucrtbase.dll
0x00007ff895940000 - 0x00007ff89595e000 	D:\JDK\bin\VCRUNTIME140.dll
0x00007ff894ae0000 - 0x00007ff894af8000 	D:\JDK\bin\jli.dll
0x00007ff8a2990000 - 0x00007ff8a2b55000 	C:\WINDOWS\System32\USER32.dll
0x00007ff8a2840000 - 0x00007ff8a2867000 	C:\WINDOWS\System32\win32u.dll
0x00007ff8811e0000 - 0x00007ff881473000 	C:\WINDOWS\WinSxS\amd64_microsoft.windows.common-controls_6595b64144ccf1df_6.0.26100.8115_none_3e075c82e3354f9c\COMCTL32.dll
0x00007ff8a3370000 - 0x00007ff8a339b000 	C:\WINDOWS\System32\GDI32.dll
0x00007ff8a23a0000 - 0x00007ff8a24cb000 	C:\WINDOWS\System32\gdi32full.dll
0x00007ff8a2560000 - 0x00007ff8a2603000 	C:\WINDOWS\System32\msvcp_win.dll
0x00007ff895a30000 - 0x00007ff895ac0000 	e:\Trae CN\resources\app\modules\sandbox\x64\sbox_ipc.dll
0x00007ff8a4270000 - 0x00007ff8a42a2000 	C:\WINDOWS\System32\IMM32.DLL
0x00007ff89ef20000 - 0x00007ff89f162000 	C:\WINDOWS\SYSTEM32\dbghelp.dll
0x00007ff8a2d40000 - 0x00007ff8a30c2000 	C:\WINDOWS\System32\combase.dll
0x00007ff8a4090000 - 0x00007ff8a4168000 	C:\WINDOWS\System32\OLEAUT32.dll
0x00007ff89b740000 - 0x00007ff89b74c000 	D:\JDK\bin\vcruntime140_1.dll
0x00007ff873150000 - 0x00007ff87318b000 	C:\WINDOWS\SYSTEM32\dbgcore.DLL
0x00007ff886e00000 - 0x00007ff886e89000 	D:\JDK\bin\msvcp140.dll
0x00007ffff9fa0000 - 0x00007ffffad4d000 	D:\JDK\bin\server\jvm.dll
0x00007ff8a4000000 - 0x00007ff8a4080000 	C:\WINDOWS\System32\WS2_32.dll
0x00007ff8a0c10000 - 0x00007ff8a0c6e000 	C:\WINDOWS\SYSTEM32\POWRPROF.dll
0x00007ff89e5f0000 - 0x00007ff89e626000 	C:\WINDOWS\SYSTEM32\WINMM.dll
0x00007ff8931a0000 - 0x00007ff8931ab000 	C:\WINDOWS\SYSTEM32\VERSION.dll
0x00007ff8a0bf0000 - 0x00007ff8a0c04000 	C:\WINDOWS\SYSTEM32\UMPDC.dll
0x00007ff8a0100000 - 0x00007ff8a011b000 	C:\WINDOWS\SYSTEM32\kernel.appcore.dll
0x00007ff899b40000 - 0x00007ff899b4a000 	D:\JDK\bin\jimage.dll
0x00007ff8a1500000 - 0x00007ff8a15a5000 	C:\WINDOWS\System32\bcryptPrimitives.dll
0x00007ff89fbd0000 - 0x00007ff89fd02000 	C:\WINDOWS\SYSTEM32\dnsapi.dll
0x00007ff89fae0000 - 0x00007ff89fb12000 	C:\WINDOWS\SYSTEM32\IPHLPAPI.DLL
0x00007ff8a3b30000 - 0x00007ff8a3b3a000 	C:\WINDOWS\System32\NSI.dll
0x00007ff8a4330000 - 0x00007ff8a4a97000 	C:\WINDOWS\System32\Shell32.dll
0x00007ff8a26d0000 - 0x00007ff8a283a000 	C:\WINDOWS\System32\wintypes.dll
0x00007ff8a1b30000 - 0x00007ff8a2398000 	C:\WINDOWS\System32\windows.storage.dll
0x00007ff8a4170000 - 0x00007ff8a4268000 	C:\WINDOWS\System32\shcore.dll
0x00007ff89bb80000 - 0x00007ff89bc29000 	C:\WINDOWS\system32\uxtheme.dll
0x00007ff8a33f0000 - 0x00007ff8a3456000 	C:\WINDOWS\System32\shlwapi.dll
0x00007ff8a38f0000 - 0x00007ff8a399e000 	C:\WINDOWS\System32\clbcatq.dll
0x00007ff88bcc0000 - 0x00007ff88c313000 	C:\Windows\System32\OneCoreUAPCommonProxyStub.dll
0x00007ff8a3b40000 - 0x00007ff8a3cd7000 	C:\WINDOWS\System32\ole32.dll
0x00007ff8a1010000 - 0x00007ff8a1061000 	C:\WINDOWS\SYSTEM32\CFGMGR32.dll
0x00007ff8994c0000 - 0x00007ff8995c3000 	C:\WINDOWS\system32\propsys.dll
0x00007ff881480000 - 0x00007ff88165f000 	C:\Windows\System32\urlmon.dll
0x00007ff880e20000 - 0x00007ff8810e4000 	C:\Windows\System32\iertutil.dll
0x00007ff8871c0000 - 0x00007ff8871e9000 	C:\Windows\System32\srvcli.dll
0x00007ff89fad0000 - 0x00007ff89fadd000 	C:\Windows\System32\netutils.dll
0x00007ff8602b0000 - 0x00007ff860428000 	C:\Windows\System32\Windows.System.Launcher.dll
0x00007ff87cd80000 - 0x00007ff87cd9d000 	C:\WINDOWS\SYSTEM32\windows.staterepositorycore.dll
0x00007ff8617c0000 - 0x00007ff861884000 	C:\Windows\System32\Windows.StateRepositoryPS.dll
0x00007ff8a0220000 - 0x00007ff8a0256000 	C:\WINDOWS\SYSTEM32\ntmarta.dll
0x00007ff8a03a0000 - 0x00007ff8a03e9000 	C:\Windows\System32\SspiCli.dll
0x00007ff8598e0000 - 0x00007ff8599a0000 	C:\Windows\System32\Windows.FileExplorer.Common.dll
0x00007ff8a12a0000 - 0x00007ff8a12ca000 	C:\WINDOWS\SYSTEM32\bcrypt.dll
0x00007ff8a12d0000 - 0x00007ff8a12f9000 	C:\WINDOWS\SYSTEM32\profapi.dll
0x00007ff88e500000 - 0x00007ff88e521000 	D:\JDK\bin\java.dll
0x00007ff85e810000 - 0x00007ff85e8e6000 	D:\JDK\bin\jsvml.dll
0x00007ff890090000 - 0x00007ff8900a1000 	D:\JDK\bin\net.dll
0x00007ff896d60000 - 0x00007ff896e8d000 	C:\WINDOWS\SYSTEM32\WINHTTP.dll
0x00007ff8a0650000 - 0x00007ff8a06bc000 	C:\WINDOWS\system32\mswsock.dll
0x00007ff88fbc0000 - 0x00007ff88fbd6000 	D:\JDK\bin\nio.dll
0x00007ff8879e0000 - 0x00007ff8879f8000 	D:\JDK\bin\zip.dll
0x00007ff887420000 - 0x00007ff887444000 	C:\Users\11699\.m2\wrapper\dists\apache-maven-3.9.14\ed7edd442f634ac1c1ef5ba2b61b6d690b5221091f1a8e1123f5fadcc967520d\lib\jansi-native\Windows\x86_64\jansi.dll
0x00007ff8967e0000 - 0x00007ff8967f0000 	D:\JDK\bin\verify.dll

JVMTI agents: none

dbghelp: loaded successfully - version: 4.0.5 - missing functions: none
symbol engine: initialized successfully - sym options: 0x614 - pdb path: .;D:\JDK\bin;C:\WINDOWS\SYSTEM32;e:\Trae CN\resources\app\modules\sandbox\x64;C:\WINDOWS\WinSxS\amd64_microsoft.windows.common-controls_6595b64144ccf1df_6.0.26100.8115_none_3e075c82e3354f9c;D:\JDK\bin\server;C:\Users\11699\.m2\wrapper\dists\apache-maven-3.9.14\ed7edd442f634ac1c1ef5ba2b61b6d690b5221091f1a8e1123f5fadcc967520d\lib\jansi-native\Windows\x86_64

VM Arguments:
jvm_args: --enable-native-access=ALL-UNNAMED -Dclassworlds.conf=C:\Users\11699\.m2\wrapper\dists\apache-maven-3.9.14\ed7edd442f634ac1c1ef5ba2b61b6d690b5221091f1a8e1123f5fadcc967520d\bin\m2.conf -Dmaven.home=C:\Users\11699\.m2\wrapper\dists\apache-maven-3.9.14\ed7edd442f634ac1c1ef5ba2b61b6d690b5221091f1a8e1123f5fadcc967520d -Dlibrary.jansi.path=C:\Users\11699\.m2\wrapper\dists\apache-maven-3.9.14\ed7edd442f634ac1c1ef5ba2b61b6d690b5221091f1a8e1123f5fadcc967520d\lib\jansi-native -Dmaven.multiModuleProjectDirectory=E:\Ancious\Desktop\救珛扢數\Code\yolo-project 
java_command: org.codehaus.plexus.classworlds.launcher.Launcher compile
java_class_path (initial): C:\Users\11699\.m2\wrapper\dists\apache-maven-3.9.14\ed7edd442f634ac1c1ef5ba2b61b6d690b5221091f1a8e1123f5fadcc967520d\boot\plexus-classworlds-2.9.0.jar
Launcher Type: SUN_STANDARD

[Global flags]
     intx CICompilerCount                          = 12                                        {product} {ergonomic}
     uint ConcGCThreads                            = 3                                         {product} {ergonomic}
     uint G1ConcRefinementThreads                  = 13                                        {product} {ergonomic}
   size_t G1HeapRegionSize                         = 2097152                                   {product} {ergonomic}
    uintx GCDrainStackTargetSize                   = 64                                        {product} {ergonomic}
   size_t InitialHeapSize                          = 264241152                                 {product} {ergonomic}
   size_t MarkStackSize                            = 4194304                                   {product} {ergonomic}
   size_t MaxHeapSize                              = 4213178368                                {product} {ergonomic}
   size_t MaxNewSize                               = 2527068160                                {product} {ergonomic}
   size_t MinHeapDeltaBytes                        = 2097152                                   {product} {ergonomic}
   size_t MinHeapSize                              = 8388608                                   {product} {ergonomic}
    uintx NonNMethodCodeHeapSize                   = 7602480                                {pd product} {ergonomic}
    uintx NonProfiledCodeHeapSize                  = 122027880                              {pd product} {ergonomic}
    uintx ProfiledCodeHeapSize                     = 122027880                              {pd product} {ergonomic}
    uintx ReservedCodeCacheSize                    = 251658240                              {pd product} {ergonomic}
     bool SegmentedCodeCache                       = true                                      {product} {ergonomic}
   size_t SoftMaxHeapSize                          = 4213178368                             {manageable} {ergonomic}
     bool UseCompressedOops                        = true                           {product lp64_product} {ergonomic}
     bool UseG1GC                                  = true                                      {product} {ergonomic}
     bool UseLargePagesIndividualAllocation        = false                                  {pd product} {ergonomic}

Logging:
Log output configuration:
 #0: stdout all=warning uptime,level,tags foldmultilines=false
 #1: stderr all=off uptime,level,tags foldmultilines=false

Release file:
IMPLEMENTOR="Microsoft" 
IMPLEMENTOR_VERSION="Microsoft-13106404" 
JAVA_RUNTIME_VERSION="21.0.10+7-LTS" 
JAVA_VERSION="21.0.10" 
JAVA_VERSION_DATE="2026-01-20" 
LIBC="default" 
MODULES="java.base java.compiler java.datatransfer java.xml java.prefs java.desktop java.instrument java.logging java.management java.security.sasl java.naming java.rmi java.management.rmi java.net.http java.scripting java.security.jgss java.transaction.xa java.sql java.sql.rowset java.xml.crypto java.se java.smartcardio jdk.accessibility jdk.internal.jvmstat jdk.attach jdk.charsets jdk.internal.opt jdk.zipfs jdk.compiler jdk.crypto.ec jdk.crypto.cryptoki jdk.crypto.mscapi jdk.dynalink jdk.internal.ed jdk.editpad jdk.hotspot.agent jdk.httpserver jdk.incubator.vector jdk.internal.le jdk.internal.vm.ci jdk.internal.vm.compiler jdk.internal.vm.compiler.management jdk.jartool jdk.javadoc jdk.jcmd jdk.management jdk.management.agent jdk.jconsole jdk.jdeps jdk.jdwp.agent jdk.jdi jdk.jfr jdk.jlink jdk.jpackage jdk.jshell jdk.jsobject jdk.jstatd jdk.localedata jdk.management.jfr jdk.naming.dns jdk.naming.rmi jdk.net jdk.nio.mapmode jdk.random jdk.sctp jdk.security.auth jdk.security.jgss jdk.unsupported jdk.unsupported.desktop jdk.xml.dom" 
OS_ARCH="x86_64" 
OS_NAME="Windows" 
SOURCE=".:git:e69b6ef7382e" 

Environment Variables:
JAVA_HOME=D:\\JDK
PATH=D:\\JDK\\bin;C:\\Users\\11699\\.trae-cn\\tools\\maven\\latest\\bin;C:\\Users\\11699\\.trae-cn\\tools\\gradle\\latest\\bin;c:\\Users\\11699\\.trae-cn\\tools\\trae-gopls\\current;c:\\Users\\11699\\.trae-cn\\sdks\\workspaces\\782b54f3\\versions\\node\\current;c:\\Users\\11699\\.trae-cn\\sdks\\versions\\node\\current;D:\JDK\bin;C:\Users\11699\.trae-cn\tools\maven\latest\bin;C:\Users\11699\.trae-cn\tools\gradle\latest\bin;c:\Users\11699\.trae-cn\tools\trae-gopls\current;c:\Users\11699\.trae-cn\sdks\workspaces\782b54f3\versions\node\current;c:\Users\11699\.trae-cn\sdks\versions\node\current;C:\WINDOWS\system32;C:\WINDOWS;C:\WINDOWS\System32\Wbem;C:\WINDOWS\System32\WindowsPowerShell\v1.0\;C:\WINDOWS\System32\OpenSSH\;C:\Program Files\NVIDIA Corporation\NVIDIA App\NvDLISR;C:\Program Files (x86)\NVIDIA Corporation\PhysX\Common;C:\Program Files\dotnet\;C:\ProgramData\chocolatey\bin;C:\Program Files\Docker\Docker\resources\bin;D:\Python\Scripts;D:\Python;D:\JDK\bin;D:\nodejs;C:\Program Files\Git\cmd;C:\Users\11699\AppData\Local\Microsoft\WindowsApps;;c:\Users\11699\.trae-cn\extensions\vscjava.vscode-java-debug-0.59.0-universal\bundled\scripts\noConfigScripts
USERNAME=11699
LANG=zh_CN.UTF-8
OS=Windows_NT
PROCESSOR_IDENTIFIER=Intel64 Family 6 Model 154 Stepping 3, GenuineIntel
TMP=C:\Users\11699\AppData\Local\Temp
TEMP=C:\Users\11699\AppData\Local\Temp




Periodic native trim disabled

---------------  S Y S T E M  ---------------

OS:
 Windows 11 , 64 bit Build 26100 (10.0.26100.8246)
OS uptime: 0 days 9:30 hours
Hyper-V role detected

CPU: total 16 (initial active 16) (8 cores per cpu, 2 threads per core) family 6 model 154 stepping 3 microcode 0x43b, cx8, cmov, fxsr, ht, mmx, 3dnowpref, sse, sse2, sse3, ssse3, sse4.1, sse4.2, popcnt, lzcnt, tsc, tscinvbit, avx, avx2, aes, erms, clmul, bmi1, bmi2, adx, sha, fma, vzeroupper, clflush, clflushopt, clwb, hv, serialize, rdtscp, rdpid, fsrm, f16c, cet_ibt, cet_ss
Processor Information for the first 16 processors :
  Max Mhz: 2500, Current Mhz: 2500, Mhz Limit: 2500

Memory: 4k page, system-wide physical 16068M (4953M free)
TotalPageFile size 35268M (AvailPageFile size 2016M)
current process WorkingSet (physical memory assigned to process): 131M, peak: 135M
current process commit charge ("private bytes"): 398M, peak: 401M

vm_info: OpenJDK 64-Bit Server VM (21.0.10+7-LTS) for windows-amd64 JRE (21.0.10+7-LTS), built on 2026-01-15T18:39:42Z by "MicrosoftCorporation" with MS VC++ 17.14 (VS2022)

END.
